#
# A fatal error has been detected by the Java Runtime Environment:
#
#  EXCEPTION_ACCESS_VIOLATION (0xc0000005) at pc=0x00007ffa34dd3d96, pid=6984, tid=18532
#
# JRE version: OpenJDK Runtime Environment Corretto-11.0.15.9.1 (11.0.15+9) (build 11.0.15+9-LTS)
# Java VM: OpenJDK 64-Bit Server VM Corretto-11.0.15.9.1 (11.0.15+9-LTS, mixed mode, tiered, compressed oops, g1 gc, windows-amd64)
# Problematic frame:
# V  [jvm.dll+0x193d96]
#
# No core dump will be written. Minidumps are not enabled by default on client versions of Windows
#
# If you would like to submit a bug report, please visit:
#   https://github.com/corretto/corretto-11/issues/
#

---------------  S U M M A R Y ------------

Command Line: --add-opens=java.base/java.util=ALL-UNNAMED --add-opens=java.base/java.lang=ALL-UNNAMED --add-opens=java.base/java.lang.invoke=ALL-UNNAMED --add-opens=java.base/java.util=ALL-UNNAMED --add-opens=java.prefs/java.util.prefs=ALL-UNNAMED --add-opens=java.prefs/java.util.prefs=ALL-UNNAMED --add-opens=java.base/java.nio.charset=ALL-UNNAMED --add-opens=java.base/java.net=ALL-UNNAMED --add-opens=java.base/java.util.concurrent.atomic=ALL-UNNAMED -XX:MaxMetaspaceSize=256m -XX:+HeapDumpOnOutOfMemoryError -Xms256m -Xmx512m -Dfile.encoding=windows-1250 -Duser.country=PL -Duser.language=pl -Duser.variant org.gradle.launcher.daemon.bootstrap.GradleDaemon 7.4.1

Host: Intel(R) Core(TM) i5-6300U CPU @ 2.40GHz, 4 cores, 15G,  Windows 10 , 64 bit Build 19041 (10.0.19041.1706)
Time: Sat Aug 20 11:11:49 2022  Windows 10 , 64 bit Build 19041 (10.0.19041.1706) elapsed time: 7174.502661 seconds (0d 1h 59m 34s)

---------------  T H R E A D  ---------------

Current thread (0x000001ad3c658000):  ConcurrentGCThread "G1 Conc#0" [stack: 0x0000001d03200000,0x0000001d03300000] [id=18532]

Stack: [0x0000001d03200000,0x0000001d03300000],  sp=0x0000001d032ff818,  free space=1022k
Native frames: (J=compiled Java code, j=interpreted, Vv=VM code, C=native code)
V  [jvm.dll+0x193d96]


siginfo: EXCEPTION_ACCESS_VIOLATION (0xc0000005), reading address 0x000000037b4ba320


Register to memory mapping:

RIP=0x00007ffa34dd3d96 jvm.dll
RAX=0x0 is NULL
RBX=0x0 is NULL
RCX=0x00000000e019f240 is pointing into object: [B 
{0x00000000e0000000} - klass: {type array byte}
 - length: 2854324
RDX=0x00000000e019f240 is pointing into object: [B 
{0x00000000e0000000} - klass: {type array byte}
 - length: 2854324
RSP=0x0000001d032ff818 points into unknown readable memory: 0x00007ffa34f2628d | 8d 62 f2 34 fa 7f 00 00
RBP=0x0 is NULL
RSI=0x0000000000000101 is an unknown value
RDI=0x00000000e019f240 is pointing into object: [B 
{0x00000000e0000000} - klass: {type array byte}
 - length: 2854324
R8 =0x0 is NULL
R9 =0x000000037b4ba318 is an unknown value
R10=0x000001ad3c66b910 points into unknown readable memory: 0x00007ffa35501a98 | 98 1a 50 35 fa 7f 00 00
R11=0x346dc5d63886594b is an unknown value
R12=0x0 is NULL
R13=0x0 is NULL
R14=0x000001ad566b67c8 points into unknown readable memory: 0x0000000000000100 | 00 01 00 00 00 00 00 00
R15=0x000001ad3c652050 points into unknown readable memory: 0x000001ad3c656000 | 00 60 65 3c ad 01 00 00


Registers:
RAX=0x0000000000000000, RBX=0x0000000000000000, RCX=0x00000000e019f240, RDX=0x00000000e019f240
RSP=0x0000001d032ff818, RBP=0x0000000000000000, RSI=0x0000000000000101, RDI=0x00000000e019f240
R8 =0x0000000000000000, R9 =0x000000037b4ba318, R10=0x000001ad3c66b910, R11=0x346dc5d63886594b
R12=0x0000000000000000, R13=0x0000000000000000, R14=0x000001ad566b67c8, R15=0x000001ad3c652050
RIP=0x00007ffa34dd3d96, EFLAGS=0x0000000000010206

Top of Stack: (sp=0x0000001d032ff818)
0x0000001d032ff818:   00007ffa34f2628d 01d8b4642d13233f
0x0000001d032ff828:   00007ffa34f3003e 00000000006422c4
0x0000001d032ff838:   0000000000098968 00000000e6c5de28
0x0000001d032ff848:   000001ad3c659040 00000000e019f240
0x0000001d032ff858:   00007ffa34f26072 000001ad3c658f00
0x0000001d032ff868:   0000000100608688 0000000100608690
0x0000001d032ff878:   0000001d032ffa18 00000000e6c5de3c
0x0000001d032ff888:   00007ffa34f1df3d 0000000000000003
0x0000001d032ff898:   00000000e6c5de38 00000000e6c5bca0
0x0000001d032ff8a8:   00000000e6c5bc5c 000001ad3c658d01
0x0000001d032ff8b8:   000001ad3c6520a0 0000000100608480
0x0000001d032ff8c8:   00007ffa34f1daf1 0000000000000003
0x0000001d032ff8d8:   0000001d032ffa18 00000000e6c5de28
0x0000001d032ff8e8:   000001ad3c658f00 000001ad3c658f00
0x0000001d032ff8f8:   00007ffa34f2e883 00000000e6c5de28
0x0000001d032ff908:   0000000000000000 0000000000000040 

Instructions: (pc=0x00007ffa34dd3d96)
0x00007ffa34dd3c96:   eb 04 48 8b 43 08 81 78 08 00 00 00 c0 73 7d 48
0x00007ffa34dd3ca6:   8b 4f 38 48 8b d3 48 8b 01 ff 50 20 84 c0 75 6c
0x00007ffa34dd3cb6:   38 05 65 93 91 00 74 15 8b 53 08 8b 0d 51 db 8c
0x00007ffa34dd3cc6:   00 48 d3 e2 48 03 15 3f db 8c 00 eb 04 48 8b 53
0x00007ffa34dd3cd6:   08 48 8b cb 48 89 5c 24 20 e8 ac 00 00 00 80 7f
0x00007ffa34dd3ce6:   30 00 48 63 c8 48 89 4c 24 28 0f 28 44 24 20 74
0x00007ffa34dd3cf6:   17 0f 11 86 98 03 00 00 48 8b 5c 24 40 48 8b 74
0x00007ffa34dd3d06:   24 48 48 83 c4 30 5f c3 48 8b 07 48 8d 54 24 20
0x00007ffa34dd3d16:   48 8b cf 66 0f 7f 44 24 20 ff 50 38 48 8b 5c 24
0x00007ffa34dd3d26:   40 48 8b 74 24 48 48 83 c4 30 5f c3 cc cc cc cc
0x00007ffa34dd3d36:   cc cc cc cc cc cc cc cc cc cc 48 8b 49 38 48 8b
0x00007ffa34dd3d46:   01 48 ff 60 28 cc cc cc cc cc 80 3d ca 92 91 00
0x00007ffa34dd3d56:   00 48 8b c1 74 1b 8b 51 08 8b 0d b3 da 8c 00 48
0x00007ffa34dd3d66:   d3 e2 48 8b c8 48 03 15 9e da 8c 00 e9 19 00 00
0x00007ffa34dd3d76:   00 48 8b 51 08 48 8b c8 e9 0d 00 00 00 cc cc cc
0x00007ffa34dd3d86:   cc cc cc cc cc cc cc cc cc cc 4c 8b ca 48 8b d1
0x00007ffa34dd3d96:   45 8b 41 08 45 85 c0 7e 0e 41 f6 c0 01 75 56 41
0x00007ffa34dd3da6:   c1 f8 03 41 8b c0 c3 79 4c 80 3d 6b 92 91 00 00
0x00007ffa34dd3db6:   b8 0c 00 00 00 b9 10 00 00 00 0f 45 c8 8b 05 ab
0x00007ffa34dd3dc6:   09 8b 00 ff c8 4c 63 c8 48 63 14 11 41 8b c8 83
0x00007ffa34dd3dd6:   e1 3f 48 d3 e2 41 8b c8 48 c1 f9 10 0f b6 c1 49
0x00007ffa34dd3de6:   8d 0c 11 49 f7 d1 48 03 c1 49 c1 e9 03 48 c1 e8
0x00007ffa34dd3df6:   03 41 23 c1 c3 49 8b 01 49 8b c9 48 ff a0 10 01
0x00007ffa34dd3e06:   00 00 cc cc cc cc cc cc cc cc 48 8b c2 c3 cc cc
0x00007ffa34dd3e16:   cc cc cc cc cc cc cc cc cc cc 48 83 ec 38 48 8b
0x00007ffa34dd3e26:   c1 48 8b 49 38 80 79 08 00 74 04 48 8b 48 38 0f
0x00007ffa34dd3e36:   10 02 48 8d 54 24 20 0f 29 44 24 20 e8 09 f0 ff
0x00007ffa34dd3e46:   ff 48 83 c4 38 c3 cc cc cc cc 48 83 ec 38 0f 10
0x00007ffa34dd3e56:   02 48 8b 01 48 8d 54 24 20 0f 29 44 24 20 ff 50
0x00007ffa34dd3e66:   38 48 83 c4 38 c3 cc cc cc cc 48 89 5c 24 08 55
0x00007ffa34dd3e76:   56 57 41 54 41 55 41 56 41 57 48 8d 6c 24 e0 48
0x00007ffa34dd3e86:   81 ec 20 01 00 00 48 8b 05 55 62 8e 00 48 33 c4 


Stack slot to memory mapping:
stack at sp + 0 slots: 0x00007ffa34f2628d jvm.dll
stack at sp + 1 slots: 0x01d8b4642d13233f is an unknown value
stack at sp + 2 slots: 0x00007ffa34f3003e jvm.dll
stack at sp + 3 slots: 0x00000000006422c4 is an unknown value
stack at sp + 4 slots: 0x0000000000098968 is an unknown value
stack at sp + 5 slots: 0x00000000e6c5de28 is an oop: org.gradle.internal.component.model.ComponentConfigurationIdentifier 
{0x00000000e6c5de28} - klass: 'org/gradle/internal/component/model/ComponentConfigurationIdentifier'
stack at sp + 6 slots: 0x000001ad3c659040 points into unknown readable memory: 0x00007ffa3553bb40 | 40 bb 53 35 fa 7f 00 00
stack at sp + 7 slots: 0x00000000e019f240 is pointing into object: [B 
{0x00000000e0000000} - klass: {type array byte}
 - length: 2854324


---------------  P R O C E S S  ---------------

Threads class SMR info:
_java_thread_list=0x000001ad5f165c60, length=89, elements={
0x000001ad3c62d800, 0x000001ad594ae000, 0x000001ad594b7800, 0x000001ad594d3800,
0x000001ad594d4800, 0x000001ad594d6000, 0x000001ad594de000, 0x000001ad594e3000,
0x000001ad594ee000, 0x000001ad59fa6800, 0x000001ad5b542800, 0x000001ad5b2da000,
0x000001ad5aa90800, 0x000001ad5ce16800, 0x000001ad5ce17000, 0x000001ad5ce19000,
0x000001ad5ce18000, 0x000001ad5ce15800, 0x000001ad5d1b8800, 0x000001ad5d1b9000,
0x000001ad5d1bb000, 0x000001ad5d1b6000, 0x000001ad5d1ba000, 0x000001ad5d1bd000,
0x000001ad5c386800, 0x000001ad60e99000, 0x000001ad60e98000, 0x000001ad60e97000,
0x000001ad60e99800, 0x000001ad60e95800, 0x000001ad60e94000, 0x000001ad60e9a800,
0x000001ad60e94800, 0x000001ad60e96800, 0x000001ad5bf15000, 0x000001ad5bf18800,
0x000001ad5bf16000, 0x000001ad5bf17000, 0x000001ad5bf17800, 0x000001ad5bf12800,
0x000001ad5bf19000, 0x000001ad5bf13800, 0x000001ad5bf1c800, 0x000001ad5bf1d800,
0x000001ad5bf20000, 0x000001ad5bf1e000, 0x000001ad5bf1f000, 0x000001ad5bf1b000,
0x000001ad5bf1a000, 0x000001ad5bf21800, 0x000001ad5bf20800, 0x000001ad5bf1b800,
0x000001ad5c37e000, 0x000001ad5c385000, 0x000001ad5c37f000, 0x000001ad5c381800,
0x000001ad5c383000, 0x000001ad5c384000, 0x000001ad5f06b800, 0x000001ad5c385800,
0x000001ad5c380000, 0x000001ad5c382800, 0x000001ad5c380800, 0x000001ad5c387000,
0x000001ad5c389800, 0x000001ad5c388000, 0x000001ad5c389000, 0x000001ad5c38a800,
0x000001ad5c38b800, 0x000001ad5c38c000, 0x000001ad5c38d000, 0x000001ad5f514000,
0x000001ad5f516800, 0x000001ad5f513000, 0x000001ad5f511800, 0x000001ad5f514800,
0x000001ad5f515800, 0x000001ad5f517000, 0x000001ad5f518000, 0x000001ad5f512800,
0x000001ad5f519000, 0x000001ad5f51d000, 0x000001ad5f51d800, 0x000001ad5f51a800,
0x000001ad5f51b800, 0x000001ad5f519800, 0x000001ad5f51c000, 0x000001ad5f520000,
0x000001ad5d1b7800
}

Java Threads: ( => current thread )
  0x000001ad3c62d800 JavaThread "main" [_thread_blocked, id=16312, stack(0x0000001d02f00000,0x0000001d03000000)]
  0x000001ad594ae000 JavaThread "Reference Handler" daemon [_thread_blocked, id=19652, stack(0x0000001d03600000,0x0000001d03700000)]
  0x000001ad594b7800 JavaThread "Finalizer" daemon [_thread_blocked, id=10424, stack(0x0000001d03700000,0x0000001d03800000)]
  0x000001ad594d3800 JavaThread "Signal Dispatcher" daemon [_thread_blocked, id=8996, stack(0x0000001d03800000,0x0000001d03900000)]
  0x000001ad594d4800 JavaThread "Attach Listener" daemon [_thread_blocked, id=15312, stack(0x0000001d03900000,0x0000001d03a00000)]
  0x000001ad594d6000 JavaThread "Service Thread" daemon [_thread_blocked, id=7556, stack(0x0000001d03a00000,0x0000001d03b00000)]
  0x000001ad594de000 JavaThread "C2 CompilerThread0" daemon [_thread_in_native, id=17936, stack(0x0000001d03b00000,0x0000001d03c00000)]
  0x000001ad594e3000 JavaThread "C1 CompilerThread0" daemon [_thread_blocked, id=2884, stack(0x0000001d03c00000,0x0000001d03d00000)]
  0x000001ad594ee000 JavaThread "Sweeper thread" daemon [_thread_blocked, id=18264, stack(0x0000001d03d00000,0x0000001d03e00000)]
  0x000001ad59fa6800 JavaThread "Common-Cleaner" daemon [_thread_blocked, id=12124, stack(0x0000001d03e00000,0x0000001d03f00000)]
  0x000001ad5b542800 JavaThread "Daemon health stats" [_thread_blocked, id=15016, stack(0x0000001d04400000,0x0000001d04500000)]
  0x000001ad5b2da000 JavaThread "Incoming local TCP Connector on port 61616" [_thread_in_native, id=8296, stack(0x0000001d04300000,0x0000001d04400000)]
  0x000001ad5aa90800 JavaThread "Daemon periodic checks" [_thread_blocked, id=3792, stack(0x0000001d04500000,0x0000001d04600000)]
  0x000001ad5ce16800 JavaThread "Cache worker for journal cache (C:\Users\DELL\.gradle\caches\journal-1)" [_thread_blocked, id=12272, stack(0x0000001d04d00000,0x0000001d04e00000)]
  0x000001ad5ce17000 JavaThread "File lock request listener" [_thread_in_native, id=14712, stack(0x0000001d04e00000,0x0000001d04f00000)]
  0x000001ad5ce19000 JavaThread "Cache worker for file hash cache (C:\Users\DELL\.gradle\caches\7.4.1\fileHashes)" [_thread_blocked, id=13356, stack(0x0000001d04f00000,0x0000001d05000000)]
  0x000001ad5ce18000 JavaThread "File watcher server" daemon [_thread_in_native, id=14212, stack(0x0000001d05100000,0x0000001d05200000)]
  0x000001ad5ce15800 JavaThread "File watcher consumer" daemon [_thread_blocked, id=13656, stack(0x0000001d05200000,0x0000001d05300000)]
  0x000001ad5d1b8800 JavaThread "Cache worker for execution history cache (C:\Users\DELL\.gradle\caches\7.4.1\executionHistory)" [_thread_blocked, id=12532, stack(0x0000001d05700000,0x0000001d05800000)]
  0x000001ad5d1b9000 JavaThread "jar transforms" [_thread_blocked, id=7340, stack(0x0000001d05800000,0x0000001d05900000)]
  0x000001ad5d1bb000 JavaThread "jar transforms Thread 2" [_thread_blocked, id=6584, stack(0x0000001d05900000,0x0000001d05a00000)]
  0x000001ad5d1b6000 JavaThread "Cache worker for file content cache (C:\Users\DELL\.gradle\caches\7.4.1\fileContent)" [_thread_blocked, id=5324, stack(0x0000001d05a00000,0x0000001d05b00000)]
  0x000001ad5d1ba000 JavaThread "jar transforms Thread 3" [_thread_blocked, id=16196, stack(0x0000001d05b00000,0x0000001d05c00000)]
  0x000001ad5d1bd000 JavaThread "jar transforms Thread 4" [_thread_blocked, id=11480, stack(0x0000001d05c00000,0x0000001d05d00000)]
  0x000001ad5c386800 JavaThread "Memory manager" [_thread_blocked, id=17988, stack(0x0000001d07200000,0x0000001d07300000)]
  0x000001ad60e99000 JavaThread "Cache worker for Java compile cache (C:\Users\DELL\.gradle\caches\7.4.1\javaCompile)" [_thread_blocked, id=18776, stack(0x0000001d08d00000,0x0000001d08e00000)]
  0x000001ad60e98000 JavaThread "Daemon Thread 15" [_thread_blocked, id=1352, stack(0x0000001d02c00000,0x0000001d02d00000)]
  0x000001ad60e97000 JavaThread "Handler for socket connection from /127.0.0.1:61616 to /127.0.0.1:65257" [_thread_in_native, id=17100, stack(0x0000001d02d00000,0x0000001d02e00000)]
  0x000001ad60e99800 JavaThread "Cancel handler" [_thread_blocked, id=18028, stack(0x0000001d02e00000,0x0000001d02f00000)]
  0x000001ad60e95800 JavaThread "Daemon worker Thread 13" [_thread_blocked, id=18284, stack(0x0000001d04600000,0x0000001d04700000)]
  0x000001ad60e94000 JavaThread "Asynchronous log dispatcher for DefaultDaemonConnection: socket connection from /127.0.0.1:61616 to /127.0.0.1:65257" [_thread_blocked, id=18632, stack(0x0000001d04700000,0x0000001d04800000)]
  0x000001ad60e9a800 JavaThread "Stdin handler" [_thread_blocked, id=6344, stack(0x0000001d04800000,0x0000001d04900000)]
  0x000001ad60e94800 JavaThread "Daemon client event forwarder" [_thread_blocked, id=2488, stack(0x0000001d04900000,0x0000001d04a00000)]
  0x000001ad60e96800 JavaThread "Cache worker for checksums cache (C:\Users\DELL\Desktop\Project_Cayliflower_BackEndII\.gradle\7.4.1\checksums)" [_thread_blocked, id=14376, stack(0x0000001d04a00000,0x0000001d04b00000)]
  0x000001ad5bf15000 JavaThread "Cache worker for cache directory md-rule (C:\Users\DELL\.gradle\caches\7.4.1\md-rule)" [_thread_blocked, id=3244, stack(0x0000001d04b00000,0x0000001d04c00000)]
  0x000001ad5bf18800 JavaThread "Cache worker for file hash cache (C:\Users\DELL\Desktop\Project_Cayliflower_BackEndII\.gradle\7.4.1\fileHashes)" [_thread_blocked, id=14384, stack(0x0000001d04c00000,0x0000001d04d00000)]
  0x000001ad5bf16000 JavaThread "Cache worker for cache directory md-supplier (C:\Users\DELL\.gradle\caches\7.4.1\md-supplier)" [_thread_blocked, id=14364, stack(0x0000001d05000000,0x0000001d05100000)]
  0x000001ad5bf17000 JavaThread "Cache worker for dependencies-accessors (C:\Users\DELL\Desktop\Project_Cayliflower_BackEndII\.gradle\7.4.1\dependencies-accessors)" [_thread_blocked, id=13096, stack(0x0000001d05300000,0x0000001d05400000)]
  0x000001ad5bf17800 JavaThread "Cache worker for Build Output Cleanup Cache (C:\Users\DELL\Desktop\Project_Cayliflower_BackEndII\.gradle\buildOutputCleanup)" [_thread_blocked, id=16608, stack(0x0000001d05400000,0x0000001d05500000)]
  0x000001ad5bf12800 JavaThread "Unconstrained build operations" [_thread_blocked, id=9272, stack(0x0000001d05500000,0x0000001d05600000)]
  0x000001ad5bf19000 JavaThread "Unconstrained build operations Thread 2" [_thread_blocked, id=9692, stack(0x0000001d05600000,0x0000001d05700000)]
  0x000001ad5bf13800 JavaThread "Unconstrained build operations Thread 3" [_thread_blocked, id=2536, stack(0x0000001d05d00000,0x0000001d05e00000)]
  0x000001ad5bf1c800 JavaThread "Unconstrained build operations Thread 4" [_thread_blocked, id=17816, stack(0x0000001d05e00000,0x0000001d05f00000)]
  0x000001ad5bf1d800 JavaThread "Unconstrained build operations Thread 5" [_thread_blocked, id=7380, stack(0x0000001d05f00000,0x0000001d06000000)]
  0x000001ad5bf20000 JavaThread "Unconstrained build operations Thread 6" [_thread_blocked, id=10540, stack(0x0000001d06000000,0x0000001d06100000)]
  0x000001ad5bf1e000 JavaThread "Unconstrained build operations Thread 7" [_thread_blocked, id=5508, stack(0x0000001d06100000,0x0000001d06200000)]
  0x000001ad5bf1f000 JavaThread "Unconstrained build operations Thread 8" [_thread_blocked, id=6816, stack(0x0000001d06200000,0x0000001d06300000)]
  0x000001ad5bf1b000 JavaThread "Unconstrained build operations Thread 9" [_thread_blocked, id=12620, stack(0x0000001d06300000,0x0000001d06400000)]
  0x000001ad5bf1a000 JavaThread "Unconstrained build operations Thread 10" [_thread_blocked, id=6776, stack(0x0000001d06400000,0x0000001d06500000)]
  0x000001ad5bf21800 JavaThread "Unconstrained build operations Thread 11" [_thread_blocked, id=20200, stack(0x0000001d06500000,0x0000001d06600000)]
  0x000001ad5bf20800 JavaThread "Unconstrained build operations Thread 12" [_thread_blocked, id=19992, stack(0x0000001d06600000,0x0000001d06700000)]
  0x000001ad5bf1b800 JavaThread "Unconstrained build operations Thread 13" [_thread_blocked, id=19628, stack(0x0000001d06700000,0x0000001d06800000)]
  0x000001ad5c37e000 JavaThread "Unconstrained build operations Thread 14" [_thread_blocked, id=5868, stack(0x0000001d06800000,0x0000001d06900000)]
  0x000001ad5c385000 JavaThread "Unconstrained build operations Thread 15" [_thread_blocked, id=8196, stack(0x0000001d06900000,0x0000001d06a00000)]
  0x000001ad5c37f000 JavaThread "Unconstrained build operations Thread 16" [_thread_blocked, id=7584, stack(0x0000001d06a00000,0x0000001d06b00000)]
  0x000001ad5c381800 JavaThread "Unconstrained build operations Thread 17" [_thread_blocked, id=3192, stack(0x0000001d06b00000,0x0000001d06c00000)]
  0x000001ad5c383000 JavaThread "Unconstrained build operations Thread 18" [_thread_blocked, id=1588, stack(0x0000001d06c00000,0x0000001d06d00000)]
  0x000001ad5c384000 JavaThread "Unconstrained build operations Thread 19" [_thread_blocked, id=3932, stack(0x0000001d06d00000,0x0000001d06e00000)]
  0x000001ad5f06b800 JavaThread "C2 CompilerThread1" daemon [_thread_in_native, id=19756, stack(0x0000001d06e00000,0x0000001d06f00000)]
  0x000001ad5c385800 JavaThread "included builds" [_thread_in_native, id=5344, stack(0x0000001d06f00000,0x0000001d07000000)]
  0x000001ad5c380000 JavaThread "Execution worker for ':'" [_thread_blocked, id=18268, stack(0x0000001d07000000,0x0000001d07100000)]
  0x000001ad5c382800 JavaThread "Execution worker for ':' Thread 2" [_thread_blocked, id=2920, stack(0x0000001d07100000,0x0000001d07200000)]
  0x000001ad5c380800 JavaThread "Execution worker for ':' Thread 3" [_thread_blocked, id=1436, stack(0x0000001d07300000,0x0000001d07400000)]
  0x000001ad5c387000 JavaThread "Cache worker for execution history cache (C:\Users\DELL\Desktop\Project_Cayliflower_BackEndII\.gradle\7.4.1\executionHistory)" [_thread_blocked, id=20264, stack(0x0000001d07400000,0x0000001d07500000)]
  0x000001ad5c389800 JavaThread "Unconstrained build operations Thread 20" [_thread_blocked, id=12016, stack(0x0000001d07500000,0x0000001d07600000)]
  0x000001ad5c388000 JavaThread "Unconstrained build operations Thread 21" [_thread_blocked, id=5392, stack(0x0000001d07600000,0x0000001d07700000)]
  0x000001ad5c389000 JavaThread "Unconstrained build operations Thread 22" [_thread_blocked, id=13996, stack(0x0000001d07700000,0x0000001d07800000)]
  0x000001ad5c38a800 JavaThread "Unconstrained build operations Thread 23" [_thread_blocked, id=10604, stack(0x0000001d07800000,0x0000001d07900000)]
  0x000001ad5c38b800 JavaThread "Unconstrained build operations Thread 24" [_thread_blocked, id=12068, stack(0x0000001d07900000,0x0000001d07a00000)]
  0x000001ad5c38c000 JavaThread "Unconstrained build operations Thread 25" [_thread_blocked, id=14496, stack(0x0000001d07a00000,0x0000001d07b00000)]
  0x000001ad5c38d000 JavaThread "Unconstrained build operations Thread 26" [_thread_blocked, id=9896, stack(0x0000001d07b00000,0x0000001d07c00000)]
  0x000001ad5f514000 JavaThread "Unconstrained build operations Thread 27" [_thread_blocked, id=18320, stack(0x0000001d07c00000,0x0000001d07d00000)]
  0x000001ad5f516800 JavaThread "Unconstrained build operations Thread 28" [_thread_blocked, id=16996, stack(0x0000001d07d00000,0x0000001d07e00000)]
  0x000001ad5f513000 JavaThread "Unconstrained build operations Thread 29" [_thread_blocked, id=20356, stack(0x0000001d07e00000,0x0000001d07f00000)]
  0x000001ad5f511800 JavaThread "Unconstrained build operations Thread 30" [_thread_blocked, id=18788, stack(0x0000001d07f00000,0x0000001d08000000)]
  0x000001ad5f514800 JavaThread "Unconstrained build operations Thread 31" [_thread_blocked, id=1596, stack(0x0000001d08000000,0x0000001d08100000)]
  0x000001ad5f515800 JavaThread "Unconstrained build operations Thread 32" [_thread_blocked, id=5480, stack(0x0000001d08100000,0x0000001d08200000)]
  0x000001ad5f517000 JavaThread "Unconstrained build operations Thread 33" [_thread_blocked, id=19288, stack(0x0000001d08200000,0x0000001d08300000)]
  0x000001ad5f518000 JavaThread "Unconstrained build operations Thread 34" [_thread_blocked, id=11700, stack(0x0000001d08300000,0x0000001d08400000)]
  0x000001ad5f512800 JavaThread "Unconstrained build operations Thread 35" [_thread_blocked, id=14568, stack(0x0000001d08400000,0x0000001d08500000)]
  0x000001ad5f519000 JavaThread "Unconstrained build operations Thread 36" [_thread_blocked, id=4576, stack(0x0000001d08500000,0x0000001d08600000)]
  0x000001ad5f51d000 JavaThread "Unconstrained build operations Thread 37" [_thread_blocked, id=19540, stack(0x0000001d08600000,0x0000001d08700000)]
  0x000001ad5f51d800 JavaThread "Unconstrained build operations Thread 38" [_thread_blocked, id=19788, stack(0x0000001d08700000,0x0000001d08800000)]
  0x000001ad5f51a800 JavaThread "Unconstrained build operations Thread 39" [_thread_blocked, id=14480, stack(0x0000001d08800000,0x0000001d08900000)]
  0x000001ad5f51b800 JavaThread "Unconstrained build operations Thread 40" [_thread_blocked, id=4660, stack(0x0000001d08900000,0x0000001d08a00000)]
  0x000001ad5f519800 JavaThread "Build operations" [_thread_blocked, id=14468, stack(0x0000001d08a00000,0x0000001d08b00000)]
  0x000001ad5f51c000 JavaThread "Build operations Thread 2" [_thread_blocked, id=8916, stack(0x0000001d08b00000,0x0000001d08c00000)]
  0x000001ad5f520000 JavaThread "Build operations Thread 3" [_thread_blocked, id=19252, stack(0x0000001d08c00000,0x0000001d08d00000)]
  0x000001ad5d1b7800 JavaThread "Build operations Thread 4" [_thread_blocked, id=1792, stack(0x0000001d08e00000,0x0000001d08f00000)]

Other Threads:
  0x000001ad594ac800 VMThread "VM Thread" [stack: 0x0000001d03500000,0x0000001d03600000] [id=9504]
  0x000001ad59fb1800 WatcherThread [stack: 0x0000001d03f00000,0x0000001d04000000] [id=17688]
  0x000001ad3c644800 GCTaskThread "GC Thread#0" [stack: 0x0000001d03000000,0x0000001d03100000] [id=15908]
  0x000001ad5a275000 GCTaskThread "GC Thread#1" [stack: 0x0000001d04000000,0x0000001d04100000] [id=4860]
  0x000001ad5a441000 GCTaskThread "GC Thread#2" [stack: 0x0000001d04100000,0x0000001d04200000] [id=9316]
  0x000001ad5a442000 GCTaskThread "GC Thread#3" [stack: 0x0000001d04200000,0x0000001d04300000] [id=16632]
  0x000001ad3c656000 ConcurrentGCThread "G1 Main Marker" [stack: 0x0000001d03100000,0x0000001d03200000] [id=4232]
=>0x000001ad3c658000 ConcurrentGCThread "G1 Conc#0" [stack: 0x0000001d03200000,0x0000001d03300000] [id=18532]
  0x000001ad3c70d800 ConcurrentGCThread "G1 Refine#0" [stack: 0x0000001d03300000,0x0000001d03400000] [id=9796]
  0x000001ad59326800 ConcurrentGCThread "G1 Young RemSet Sampling" [stack: 0x0000001d03400000,0x0000001d03500000] [id=19264]

Threads with active compile tasks:
C2 CompilerThread0  7174594 19771   !   4       io.spring.gradle.dependencymanagement.org.apache.maven.model.Model::clone (502 bytes)
C2 CompilerThread1  7174594 19765       4       io.spring.gradle.dependencymanagement.internal.VersionConfiguringAction::isDirectDependency (153 bytes)

VM state:not at safepoint (normal execution)

VM Mutex/Monitor currently owned by a thread: None

Heap address: 0x00000000e0000000, size: 512 MB, Compressed Oops mode: 32-bit
Narrow klass base: 0x0000000000000000, Narrow klass shift: 3
Compressed class space size: 260046848 Address: 0x0000000100000000

Heap:
 garbage-first heap   total 262144K, used 136341K [0x00000000e0000000, 0x0000000100000000)
  region size 1024K, 18 young (18432K), 8 survivors (8192K)
 Metaspace       used 78930K, capacity 81701K, committed 82140K, reserved 325632K
  class space    used 9459K, capacity 10470K, committed 10624K, reserved 253952K
Heap Regions: E=young(eden), S=young(survivor), O=old, HS=humongous(starts), HC=humongous(continues), CS=collection set, F=free, A=archive, TAMS=top-at-mark-start (previous, next)
|   0|0x00000000e0000000, 0x00000000e0100000, 0x00000000e0100000|100%|HS|  |TAMS 0x00000000e0100000, 0x00000000e0100000| Complete 
|   1|0x00000000e0100000, 0x00000000e0200000, 0x00000000e0200000|100%|HC|  |TAMS 0x00000000e0200000, 0x00000000e0200000| Complete 
|   2|0x00000000e0200000, 0x00000000e0300000, 0x00000000e0300000|100%|HC|  |TAMS 0x00000000e0300000, 0x00000000e0300000| Complete 
|   3|0x00000000e0300000, 0x00000000e0400000, 0x00000000e0400000|100%| O|  |TAMS 0x00000000e0400000, 0x00000000e0400000| Untracked 
|   4|0x00000000e0400000, 0x00000000e0500000, 0x00000000e0500000|100%| O|  |TAMS 0x00000000e0500000, 0x00000000e0500000| Untracked 
|   5|0x00000000e0500000, 0x00000000e0600000, 0x00000000e0600000|100%| O|  |TAMS 0x00000000e0600000, 0x00000000e0600000| Untracked 
|   6|0x00000000e0600000, 0x00000000e0700000, 0x00000000e0700000|100%| O|  |TAMS 0x00000000e0700000, 0x00000000e0700000| Untracked 
|   7|0x00000000e0700000, 0x00000000e0800000, 0x00000000e0800000|100%| O|  |TAMS 0x00000000e0800000, 0x00000000e0800000| Untracked 
|   8|0x00000000e0800000, 0x00000000e0900000, 0x00000000e0900000|100%| O|  |TAMS 0x00000000e0900000, 0x00000000e0900000| Untracked 
|   9|0x00000000e0900000, 0x00000000e0a00000, 0x00000000e0a00000|100%| O|  |TAMS 0x00000000e0a00000, 0x00000000e0a00000| Untracked 
|  10|0x00000000e0a00000, 0x00000000e0b00000, 0x00000000e0b00000|100%| O|  |TAMS 0x00000000e0b00000, 0x00000000e0b00000| Untracked 
|  11|0x00000000e0b00000, 0x00000000e0c00000, 0x00000000e0c00000|100%| O|  |TAMS 0x00000000e0c00000, 0x00000000e0c00000| Untracked 
|  12|0x00000000e0c00000, 0x00000000e0d00000, 0x00000000e0d00000|100%| O|  |TAMS 0x00000000e0d00000, 0x00000000e0d00000| Untracked 
|  13|0x00000000e0d00000, 0x00000000e0e00000, 0x00000000e0e00000|100%| O|  |TAMS 0x00000000e0e00000, 0x00000000e0e00000| Untracked 
|  14|0x00000000e0e00000, 0x00000000e0f00000, 0x00000000e0f00000|100%| O|  |TAMS 0x00000000e0f00000, 0x00000000e0f00000| Untracked 
|  15|0x00000000e0f00000, 0x00000000e1000000, 0x00000000e1000000|100%| O|  |TAMS 0x00000000e1000000, 0x00000000e1000000| Untracked 
|  16|0x00000000e1000000, 0x00000000e1100000, 0x00000000e1100000|100%| O|  |TAMS 0x00000000e1100000, 0x00000000e1100000| Untracked 
|  17|0x00000000e1100000, 0x00000000e1200000, 0x00000000e1200000|100%| O|  |TAMS 0x00000000e1200000, 0x00000000e1200000| Untracked 
|  18|0x00000000e1200000, 0x00000000e1300000, 0x00000000e1300000|100%| O|  |TAMS 0x00000000e1300000, 0x00000000e1300000| Untracked 
|  19|0x00000000e1300000, 0x00000000e1400000, 0x00000000e1400000|100%| O|  |TAMS 0x00000000e1400000, 0x00000000e1400000| Untracked 
|  20|0x00000000e1400000, 0x00000000e1500000, 0x00000000e1500000|100%| O|  |TAMS 0x00000000e1500000, 0x00000000e1500000| Untracked 
|  21|0x00000000e1500000, 0x00000000e1600000, 0x00000000e1600000|100%| O|  |TAMS 0x00000000e1600000, 0x00000000e1600000| Untracked 
|  22|0x00000000e1600000, 0x00000000e1700000, 0x00000000e1700000|100%| O|  |TAMS 0x00000000e1700000, 0x00000000e1700000| Untracked 
|  23|0x00000000e1700000, 0x00000000e1800000, 0x00000000e1800000|100%| O|  |TAMS 0x00000000e1800000, 0x00000000e1800000| Untracked 
|  24|0x00000000e1800000, 0x00000000e1900000, 0x00000000e1900000|100%| O|  |TAMS 0x00000000e1900000, 0x00000000e1900000| Untracked 
|  25|0x00000000e1900000, 0x00000000e1a00000, 0x00000000e1a00000|100%| O|  |TAMS 0x00000000e1a00000, 0x00000000e1a00000| Untracked 
|  26|0x00000000e1a00000, 0x00000000e1b00000, 0x00000000e1b00000|100%| O|  |TAMS 0x00000000e1b00000, 0x00000000e1b00000| Untracked 
|  27|0x00000000e1b00000, 0x00000000e1c00000, 0x00000000e1c00000|100%| O|  |TAMS 0x00000000e1c00000, 0x00000000e1c00000| Untracked 
|  28|0x00000000e1c00000, 0x00000000e1d00000, 0x00000000e1d00000|100%| O|  |TAMS 0x00000000e1d00000, 0x00000000e1d00000| Untracked 
|  29|0x00000000e1d00000, 0x00000000e1e00000, 0x00000000e1e00000|100%| O|  |TAMS 0x00000000e1e00000, 0x00000000e1e00000| Untracked 
|  30|0x00000000e1e00000, 0x00000000e1f00000, 0x00000000e1f00000|100%| O|  |TAMS 0x00000000e1f00000, 0x00000000e1f00000| Untracked 
|  31|0x00000000e1f00000, 0x00000000e2000000, 0x00000000e2000000|100%| O|  |TAMS 0x00000000e2000000, 0x00000000e2000000| Untracked 
|  32|0x00000000e2000000, 0x00000000e2100000, 0x00000000e2100000|100%| O|  |TAMS 0x00000000e2100000, 0x00000000e2100000| Untracked 
|  33|0x00000000e2100000, 0x00000000e2200000, 0x00000000e2200000|100%| O|  |TAMS 0x00000000e2200000, 0x00000000e2200000| Untracked 
|  34|0x00000000e2200000, 0x00000000e2300000, 0x00000000e2300000|100%| O|  |TAMS 0x00000000e2200000, 0x00000000e2300000| Untracked 
|  35|0x00000000e2300000, 0x00000000e2400000, 0x00000000e2400000|100%| O|  |TAMS 0x00000000e2400000, 0x00000000e2400000| Untracked 
|  36|0x00000000e2400000, 0x00000000e2500000, 0x00000000e2500000|100%| O|  |TAMS 0x00000000e2500000, 0x00000000e2500000| Untracked 
|  37|0x00000000e2500000, 0x00000000e2600000, 0x00000000e2600000|100%| O|  |TAMS 0x00000000e2600000, 0x00000000e2600000| Untracked 
|  38|0x00000000e2600000, 0x00000000e2700000, 0x00000000e2700000|100%| O|  |TAMS 0x00000000e2700000, 0x00000000e2700000| Untracked 
|  39|0x00000000e2700000, 0x00000000e2800000, 0x00000000e2800000|100%| O|  |TAMS 0x00000000e2800000, 0x00000000e2800000| Untracked 
|  40|0x00000000e2800000, 0x00000000e2900000, 0x00000000e2900000|100%| O|  |TAMS 0x00000000e2900000, 0x00000000e2900000| Untracked 
|  41|0x00000000e2900000, 0x00000000e2a00000, 0x00000000e2a00000|100%| O|  |TAMS 0x00000000e2a00000, 0x00000000e2a00000| Untracked 
|  42|0x00000000e2a00000, 0x00000000e2b00000, 0x00000000e2b00000|100%| O|  |TAMS 0x00000000e2b00000, 0x00000000e2b00000| Untracked 
|  43|0x00000000e2b00000, 0x00000000e2c00000, 0x00000000e2c00000|100%| O|  |TAMS 0x00000000e2c00000, 0x00000000e2c00000| Untracked 
|  44|0x00000000e2c00000, 0x00000000e2d00000, 0x00000000e2d00000|100%| O|  |TAMS 0x00000000e2d00000, 0x00000000e2d00000| Untracked 
|  45|0x00000000e2d00000, 0x00000000e2e00000, 0x00000000e2e00000|100%| O|  |TAMS 0x00000000e2e00000, 0x00000000e2e00000| Untracked 
|  46|0x00000000e2e00000, 0x00000000e2f00000, 0x00000000e2f00000|100%| O|  |TAMS 0x00000000e2f00000, 0x00000000e2f00000| Untracked 
|  47|0x00000000e2f00000, 0x00000000e3000000, 0x00000000e3000000|100%| O|  |TAMS 0x00000000e3000000, 0x00000000e3000000| Untracked 
|  48|0x00000000e3000000, 0x00000000e3100000, 0x00000000e3100000|100%| O|  |TAMS 0x00000000e3100000, 0x00000000e3100000| Untracked 
|  49|0x00000000e3100000, 0x00000000e3200000, 0x00000000e3200000|100%|HS|  |TAMS 0x00000000e3100000, 0x00000000e3200000| Complete 
|  50|0x00000000e3200000, 0x00000000e3300000, 0x00000000e3300000|100%| O|  |TAMS 0x00000000e3200000, 0x00000000e3300000| Untracked 
|  51|0x00000000e3300000, 0x00000000e3400000, 0x00000000e3400000|100%| O|  |TAMS 0x00000000e3300000, 0x00000000e3400000| Untracked 
|  52|0x00000000e3400000, 0x00000000e3500000, 0x00000000e3500000|100%| O|  |TAMS 0x00000000e3500000, 0x00000000e3500000| Untracked 
|  53|0x00000000e3500000, 0x00000000e3600000, 0x00000000e3600000|100%| O|  |TAMS 0x00000000e3600000, 0x00000000e3600000| Untracked 
|  54|0x00000000e3600000, 0x00000000e3700000, 0x00000000e3700000|100%| O|  |TAMS 0x00000000e3600000, 0x00000000e3700000| Untracked 
|  55|0x00000000e3700000, 0x00000000e3800000, 0x00000000e3800000|100%| O|  |TAMS 0x00000000e3700000, 0x00000000e3800000| Untracked 
|  56|0x00000000e3800000, 0x00000000e3900000, 0x00000000e3900000|100%| O|  |TAMS 0x00000000e3900000, 0x00000000e3900000| Untracked 
|  57|0x00000000e3900000, 0x00000000e3a00000, 0x00000000e3a00000|100%|HS|  |TAMS 0x00000000e3a00000, 0x00000000e3a00000| Complete 
|  58|0x00000000e3a00000, 0x00000000e3b00000, 0x00000000e3b00000|100%| O|  |TAMS 0x00000000e3a00000, 0x00000000e3b00000| Untracked 
|  59|0x00000000e3b00000, 0x00000000e3c00000, 0x00000000e3c00000|100%| O|  |TAMS 0x00000000e3b00000, 0x00000000e3c00000| Untracked 
|  60|0x00000000e3c00000, 0x00000000e3d00000, 0x00000000e3d00000|100%| O|  |TAMS 0x00000000e3c00000, 0x00000000e3d00000| Untracked 
|  61|0x00000000e3d00000, 0x00000000e3e00000, 0x00000000e3e00000|100%| O|  |TAMS 0x00000000e3d00000, 0x00000000e3e00000| Untracked 
|  62|0x00000000e3e00000, 0x00000000e3f00000, 0x00000000e3f00000|100%| O|  |TAMS 0x00000000e3e00000, 0x00000000e3f00000| Untracked 
|  63|0x00000000e3f00000, 0x00000000e4000000, 0x00000000e4000000|100%| O|  |TAMS 0x00000000e3f00000, 0x00000000e4000000| Untracked 
|  64|0x00000000e4000000, 0x00000000e4100000, 0x00000000e4100000|100%| O|  |TAMS 0x00000000e4000000, 0x00000000e4100000| Untracked 
|  65|0x00000000e4100000, 0x00000000e4200000, 0x00000000e4200000|100%| O|  |TAMS 0x00000000e4200000, 0x00000000e4200000| Untracked 
|  66|0x00000000e4200000, 0x00000000e4300000, 0x00000000e4300000|100%| O|  |TAMS 0x00000000e4300000, 0x00000000e4300000| Untracked 
|  67|0x00000000e4300000, 0x00000000e4400000, 0x00000000e4400000|100%| O|  |TAMS 0x00000000e4400000, 0x00000000e4400000| Untracked 
|  68|0x00000000e4400000, 0x00000000e4500000, 0x00000000e4500000|100%| O|  |TAMS 0x00000000e4500000, 0x00000000e4500000| Untracked 
|  69|0x00000000e4500000, 0x00000000e4600000, 0x00000000e4600000|100%|HS|  |TAMS 0x00000000e4600000, 0x00000000e4600000| Complete 
|  70|0x00000000e4600000, 0x00000000e4700000, 0x00000000e4700000|100%| O|  |TAMS 0x00000000e4700000, 0x00000000e4700000| Untracked 
|  71|0x00000000e4700000, 0x00000000e4800000, 0x00000000e4800000|100%| O|  |TAMS 0x00000000e4800000, 0x00000000e4800000| Untracked 
|  72|0x00000000e4800000, 0x00000000e4900000, 0x00000000e4900000|100%| O|  |TAMS 0x00000000e4900000, 0x00000000e4900000| Untracked 
|  73|0x00000000e4900000, 0x00000000e4a00000, 0x00000000e4a00000|100%| O|  |TAMS 0x00000000e4a00000, 0x00000000e4a00000| Untracked 
|  74|0x00000000e4a00000, 0x00000000e4b00000, 0x00000000e4b00000|100%| O|  |TAMS 0x00000000e4b00000, 0x00000000e4b00000| Untracked 
|  75|0x00000000e4b00000, 0x00000000e4c00000, 0x00000000e4c00000|100%| O|  |TAMS 0x00000000e4c00000, 0x00000000e4c00000| Untracked 
|  76|0x00000000e4c00000, 0x00000000e4d00000, 0x00000000e4d00000|100%| O|  |TAMS 0x00000000e4d00000, 0x00000000e4d00000| Untracked 
|  77|0x00000000e4d00000, 0x00000000e4e00000, 0x00000000e4e00000|100%| O|  |TAMS 0x00000000e4e00000, 0x00000000e4e00000| Untracked 
|  78|0x00000000e4e00000, 0x00000000e4f00000, 0x00000000e4f00000|100%| O|  |TAMS 0x00000000e4e00000, 0x00000000e4f00000| Untracked 
|  79|0x00000000e4f00000, 0x00000000e5000000, 0x00000000e5000000|100%| O|  |TAMS 0x00000000e5000000, 0x00000000e5000000| Untracked 
|  80|0x00000000e5000000, 0x00000000e5100000, 0x00000000e5100000|100%| O|  |TAMS 0x00000000e5000000, 0x00000000e5100000| Untracked 
|  81|0x00000000e5100000, 0x00000000e5200000, 0x00000000e5200000|100%|HS|  |TAMS 0x00000000e5200000, 0x00000000e5200000| Complete 
|  82|0x00000000e5200000, 0x00000000e5300000, 0x00000000e5300000|100%| O|  |TAMS 0x00000000e5200000, 0x00000000e5300000| Untracked 
|  83|0x00000000e5300000, 0x00000000e5400000, 0x00000000e5400000|100%| O|  |TAMS 0x00000000e5400000, 0x00000000e5400000| Untracked 
|  84|0x00000000e5400000, 0x00000000e5500000, 0x00000000e5500000|100%| O|  |TAMS 0x00000000e5500000, 0x00000000e5500000| Untracked 
|  85|0x00000000e5500000, 0x00000000e5600000, 0x00000000e5600000|100%| O|  |TAMS 0x00000000e5500000, 0x00000000e5600000| Untracked 
|  86|0x00000000e5600000, 0x00000000e5700000, 0x00000000e5700000|100%| O|  |TAMS 0x00000000e5600000, 0x00000000e5700000| Untracked 
|  87|0x00000000e5700000, 0x00000000e5800000, 0x00000000e5800000|100%| O|  |TAMS 0x00000000e5700000, 0x00000000e5800000| Untracked 
|  88|0x00000000e5800000, 0x00000000e5900000, 0x00000000e5900000|100%| O|  |TAMS 0x00000000e5800000, 0x00000000e5900000| Untracked 
|  89|0x00000000e5900000, 0x00000000e5a00000, 0x00000000e5a00000|100%| O|  |TAMS 0x00000000e5900000, 0x00000000e5a00000| Untracked 
|  90|0x00000000e5a00000, 0x00000000e5b00000, 0x00000000e5b00000|100%| O|  |TAMS 0x00000000e5b00000, 0x00000000e5b00000| Untracked 
|  91|0x00000000e5b00000, 0x00000000e5c00000, 0x00000000e5c00000|100%| O|  |TAMS 0x00000000e5b00000, 0x00000000e5c00000| Untracked 
|  92|0x00000000e5c00000, 0x00000000e5d00000, 0x00000000e5d00000|100%| O|  |TAMS 0x00000000e5d00000, 0x00000000e5d00000| Untracked 
|  93|0x00000000e5d00000, 0x00000000e5e00000, 0x00000000e5e00000|100%| O|  |TAMS 0x00000000e5d00000, 0x00000000e5e00000| Untracked 
|  94|0x00000000e5e00000, 0x00000000e5f00000, 0x00000000e5f00000|100%| O|  |TAMS 0x00000000e5f00000, 0x00000000e5f00000| Untracked 
|  95|0x00000000e5f00000, 0x00000000e6000000, 0x00000000e6000000|100%| O|  |TAMS 0x00000000e5f00000, 0x00000000e6000000| Untracked 
|  96|0x00000000e6000000, 0x00000000e6100000, 0x00000000e6100000|100%| O|  |TAMS 0x00000000e6000000, 0x00000000e6100000| Untracked 
|  97|0x00000000e6100000, 0x00000000e6200000, 0x00000000e6200000|100%| O|  |TAMS 0x00000000e6100000, 0x00000000e6200000| Untracked 
|  98|0x00000000e6200000, 0x00000000e6300000, 0x00000000e6300000|100%| O|  |TAMS 0x00000000e6300000, 0x00000000e6300000| Untracked 
|  99|0x00000000e6300000, 0x00000000e6400000, 0x00000000e6400000|100%| O|  |TAMS 0x00000000e6400000, 0x00000000e6400000| Untracked 
| 100|0x00000000e6400000, 0x00000000e6500000, 0x00000000e6500000|100%| O|  |TAMS 0x00000000e6400000, 0x00000000e6500000| Untracked 
| 101|0x00000000e6500000, 0x00000000e6600000, 0x00000000e6600000|100%| O|  |TAMS 0x00000000e6500000, 0x00000000e6600000| Untracked 
| 102|0x00000000e6600000, 0x00000000e6700000, 0x00000000e6700000|100%| O|  |TAMS 0x00000000e6600000, 0x00000000e6700000| Untracked 
| 103|0x00000000e6700000, 0x00000000e6800000, 0x00000000e6800000|100%| O|  |TAMS 0x00000000e6700000, 0x00000000e6800000| Untracked 
| 104|0x00000000e6800000, 0x00000000e6900000, 0x00000000e6900000|100%| O|  |TAMS 0x00000000e6800000, 0x00000000e6900000| Untracked 
| 105|0x00000000e6900000, 0x00000000e6a00000, 0x00000000e6a00000|100%| O|  |TAMS 0x00000000e6900000, 0x00000000e6a00000| Untracked 
| 106|0x00000000e6a00000, 0x00000000e6b00000, 0x00000000e6b00000|100%| O|  |TAMS 0x00000000e6b00000, 0x00000000e6b00000| Untracked 
| 107|0x00000000e6b00000, 0x00000000e6c00000, 0x00000000e6c00000|100%| O|  |TAMS 0x00000000e6b00000, 0x00000000e6c00000| Untracked 
| 108|0x00000000e6c00000, 0x00000000e6d00000, 0x00000000e6d00000|100%| O|  |TAMS 0x00000000e6c00000, 0x00000000e6d00000| Untracked 
| 109|0x00000000e6d00000, 0x00000000e6e00000, 0x00000000e6e00000|100%|HS|  |TAMS 0x00000000e6d00000, 0x00000000e6d00000| Complete 
| 110|0x00000000e6e00000, 0x00000000e6f00000, 0x00000000e6f00000|100%| O|  |TAMS 0x00000000e6e00000, 0x00000000e6f00000| Untracked 
| 111|0x00000000e6f00000, 0x00000000e7000000, 0x00000000e7000000|100%| O|  |TAMS 0x00000000e6f00000, 0x00000000e7000000| Untracked 
| 112|0x00000000e7000000, 0x00000000e702f400, 0x00000000e7100000| 18%| O|  |TAMS 0x00000000e7000000, 0x00000000e702f400| Untracked 
| 113|0x00000000e7100000, 0x00000000e7100000, 0x00000000e7200000|  0%| F|  |TAMS 0x00000000e7100000, 0x00000000e7100000| Untracked 
| 114|0x00000000e7200000, 0x00000000e7300000, 0x00000000e7300000|100%| O|  |TAMS 0x00000000e7300000, 0x00000000e7300000| Untracked 
| 115|0x00000000e7300000, 0x00000000e7300000, 0x00000000e7400000|  0%| F|  |TAMS 0x00000000e7300000, 0x00000000e7300000| Untracked 
| 116|0x00000000e7400000, 0x00000000e7500000, 0x00000000e7500000|100%| O|  |TAMS 0x00000000e7500000, 0x00000000e7500000| Untracked 
| 117|0x00000000e7500000, 0x00000000e7600000, 0x00000000e7600000|100%| O|  |TAMS 0x00000000e7600000, 0x00000000e7600000| Untracked 
| 118|0x00000000e7600000, 0x00000000e7700000, 0x00000000e7700000|100%| O|  |TAMS 0x00000000e7682000, 0x00000000e7700000| Untracked 
| 119|0x00000000e7700000, 0x00000000e7700000, 0x00000000e7800000|  0%| F|  |TAMS 0x00000000e7700000, 0x00000000e7700000| Untracked 
| 120|0x00000000e7800000, 0x00000000e7800000, 0x00000000e7900000|  0%| F|  |TAMS 0x00000000e7800000, 0x00000000e7800000| Untracked 
| 121|0x00000000e7900000, 0x00000000e7900000, 0x00000000e7a00000|  0%| F|  |TAMS 0x00000000e7900000, 0x00000000e7900000| Untracked 
| 122|0x00000000e7a00000, 0x00000000e7a00000, 0x00000000e7b00000|  0%| F|  |TAMS 0x00000000e7a00000, 0x00000000e7a00000| Untracked 
| 123|0x00000000e7b00000, 0x00000000e7b00000, 0x00000000e7c00000|  0%| F|  |TAMS 0x00000000e7b00000, 0x00000000e7b00000| Untracked 
| 124|0x00000000e7c00000, 0x00000000e7c00000, 0x00000000e7d00000|  0%| F|  |TAMS 0x00000000e7c00000, 0x00000000e7c00000| Untracked 
| 125|0x00000000e7d00000, 0x00000000e7d00000, 0x00000000e7e00000|  0%| F|  |TAMS 0x00000000e7d00000, 0x00000000e7d00000| Untracked 
| 126|0x00000000e7e00000, 0x00000000e7e00000, 0x00000000e7f00000|  0%| F|  |TAMS 0x00000000e7e00000, 0x00000000e7e00000| Untracked 
| 127|0x00000000e7f00000, 0x00000000e7f00000, 0x00000000e8000000|  0%| F|  |TAMS 0x00000000e7f00000, 0x00000000e7f00000| Untracked 
| 128|0x00000000e8000000, 0x00000000e8000000, 0x00000000e8100000|  0%| F|  |TAMS 0x00000000e8000000, 0x00000000e8000000| Untracked 
| 129|0x00000000e8100000, 0x00000000e8100000, 0x00000000e8200000|  0%| F|  |TAMS 0x00000000e8100000, 0x00000000e8100000| Untracked 
| 130|0x00000000e8200000, 0x00000000e8200000, 0x00000000e8300000|  0%| F|  |TAMS 0x00000000e8200000, 0x00000000e8200000| Untracked 
| 131|0x00000000e8300000, 0x00000000e8300000, 0x00000000e8400000|  0%| F|  |TAMS 0x00000000e8300000, 0x00000000e8300000| Untracked 
| 132|0x00000000e8400000, 0x00000000e8400000, 0x00000000e8500000|  0%| F|  |TAMS 0x00000000e8400000, 0x00000000e8400000| Untracked 
| 133|0x00000000e8500000, 0x00000000e8500000, 0x00000000e8600000|  0%| F|  |TAMS 0x00000000e8500000, 0x00000000e8500000| Untracked 
| 134|0x00000000e8600000, 0x00000000e8600000, 0x00000000e8700000|  0%| F|  |TAMS 0x00000000e8600000, 0x00000000e8600000| Untracked 
| 135|0x00000000e8700000, 0x00000000e8700000, 0x00000000e8800000|  0%| F|  |TAMS 0x00000000e8700000, 0x00000000e8700000| Untracked 
| 136|0x00000000e8800000, 0x00000000e8800000, 0x00000000e8900000|  0%| F|  |TAMS 0x00000000e8800000, 0x00000000e8800000| Untracked 
| 137|0x00000000e8900000, 0x00000000e8900000, 0x00000000e8a00000|  0%| F|  |TAMS 0x00000000e8900000, 0x00000000e8900000| Untracked 
| 138|0x00000000e8a00000, 0x00000000e8a00000, 0x00000000e8b00000|  0%| F|  |TAMS 0x00000000e8a00000, 0x00000000e8a00000| Untracked 
| 139|0x00000000e8b00000, 0x00000000e8b00000, 0x00000000e8c00000|  0%| F|  |TAMS 0x00000000e8b00000, 0x00000000e8b00000| Untracked 
| 140|0x00000000e8c00000, 0x00000000e8c00000, 0x00000000e8d00000|  0%| F|  |TAMS 0x00000000e8c00000, 0x00000000e8c00000| Untracked 
| 141|0x00000000e8d00000, 0x00000000e8d00000, 0x00000000e8e00000|  0%| F|  |TAMS 0x00000000e8d00000, 0x00000000e8d00000| Untracked 
| 142|0x00000000e8e00000, 0x00000000e8e00000, 0x00000000e8f00000|  0%| F|  |TAMS 0x00000000e8e00000, 0x00000000e8e00000| Untracked 
| 143|0x00000000e8f00000, 0x00000000e8f00000, 0x00000000e9000000|  0%| F|  |TAMS 0x00000000e8f00000, 0x00000000e8f00000| Untracked 
| 144|0x00000000e9000000, 0x00000000e9000000, 0x00000000e9100000|  0%| F|  |TAMS 0x00000000e9000000, 0x00000000e9000000| Untracked 
| 145|0x00000000e9100000, 0x00000000e9100000, 0x00000000e9200000|  0%| F|  |TAMS 0x00000000e9100000, 0x00000000e9100000| Untracked 
| 146|0x00000000e9200000, 0x00000000e9200000, 0x00000000e9300000|  0%| F|  |TAMS 0x00000000e9200000, 0x00000000e9200000| Untracked 
| 147|0x00000000e9300000, 0x00000000e9300000, 0x00000000e9400000|  0%| F|  |TAMS 0x00000000e9300000, 0x00000000e9300000| Untracked 
| 148|0x00000000e9400000, 0x00000000e9400000, 0x00000000e9500000|  0%| F|  |TAMS 0x00000000e9400000, 0x00000000e9400000| Untracked 
| 149|0x00000000e9500000, 0x00000000e9500000, 0x00000000e9600000|  0%| F|  |TAMS 0x00000000e9500000, 0x00000000e9500000| Untracked 
| 150|0x00000000e9600000, 0x00000000e9600000, 0x00000000e9700000|  0%| F|  |TAMS 0x00000000e9600000, 0x00000000e9600000| Untracked 
| 151|0x00000000e9700000, 0x00000000e9700000, 0x00000000e9800000|  0%| F|  |TAMS 0x00000000e9700000, 0x00000000e9700000| Untracked 
| 152|0x00000000e9800000, 0x00000000e9800000, 0x00000000e9900000|  0%| F|  |TAMS 0x00000000e9800000, 0x00000000e9800000| Untracked 
| 153|0x00000000e9900000, 0x00000000e99f60e0, 0x00000000e9a00000| 96%| S|CS|TAMS 0x00000000e9900000, 0x00000000e9900000| Complete 
| 154|0x00000000e9a00000, 0x00000000e9b00000, 0x00000000e9b00000|100%| S|CS|TAMS 0x00000000e9a00000, 0x00000000e9a00000| Complete 
| 155|0x00000000e9b00000, 0x00000000e9c00000, 0x00000000e9c00000|100%| S|CS|TAMS 0x00000000e9b00000, 0x00000000e9b00000| Complete 
| 156|0x00000000e9c00000, 0x00000000e9d00000, 0x00000000e9d00000|100%| S|CS|TAMS 0x00000000e9c00000, 0x00000000e9c00000| Complete 
| 157|0x00000000e9d00000, 0x00000000e9e00000, 0x00000000e9e00000|100%| S|CS|TAMS 0x00000000e9d00000, 0x00000000e9d00000| Complete 
| 158|0x00000000e9e00000, 0x00000000e9f00000, 0x00000000e9f00000|100%| S|CS|TAMS 0x00000000e9e00000, 0x00000000e9e00000| Complete 
| 159|0x00000000e9f00000, 0x00000000ea000000, 0x00000000ea000000|100%| S|CS|TAMS 0x00000000e9f00000, 0x00000000e9f00000| Complete 
| 160|0x00000000ea000000, 0x00000000ea100000, 0x00000000ea100000|100%| S|CS|TAMS 0x00000000ea000000, 0x00000000ea000000| Complete 
| 161|0x00000000ea100000, 0x00000000ea100000, 0x00000000ea200000|  0%| F|  |TAMS 0x00000000ea100000, 0x00000000ea100000| Untracked 
| 162|0x00000000ea200000, 0x00000000ea200000, 0x00000000ea300000|  0%| F|  |TAMS 0x00000000ea200000, 0x00000000ea200000| Untracked 
| 163|0x00000000ea300000, 0x00000000ea300000, 0x00000000ea400000|  0%| F|  |TAMS 0x00000000ea300000, 0x00000000ea300000| Untracked 
| 164|0x00000000ea400000, 0x00000000ea400000, 0x00000000ea500000|  0%| F|  |TAMS 0x00000000ea400000, 0x00000000ea400000| Untracked 
| 165|0x00000000ea500000, 0x00000000ea500000, 0x00000000ea600000|  0%| F|  |TAMS 0x00000000ea500000, 0x00000000ea500000| Untracked 
| 166|0x00000000ea600000, 0x00000000ea600000, 0x00000000ea700000|  0%| F|  |TAMS 0x00000000ea600000, 0x00000000ea600000| Untracked 
| 167|0x00000000ea700000, 0x00000000ea700000, 0x00000000ea800000|  0%| F|  |TAMS 0x00000000ea700000, 0x00000000ea700000| Untracked 
| 168|0x00000000ea800000, 0x00000000ea800000, 0x00000000ea900000|  0%| F|  |TAMS 0x00000000ea800000, 0x00000000ea800000| Untracked 
| 169|0x00000000ea900000, 0x00000000ea900000, 0x00000000eaa00000|  0%| F|  |TAMS 0x00000000ea900000, 0x00000000ea900000| Untracked 
| 170|0x00000000eaa00000, 0x00000000eaa00000, 0x00000000eab00000|  0%| F|  |TAMS 0x00000000eaa00000, 0x00000000eaa00000| Untracked 
| 171|0x00000000eab00000, 0x00000000eab00000, 0x00000000eac00000|  0%| F|  |TAMS 0x00000000eab00000, 0x00000000eab00000| Untracked 
| 172|0x00000000eac00000, 0x00000000eac00000, 0x00000000ead00000|  0%| F|  |TAMS 0x00000000eac00000, 0x00000000eac00000| Untracked 
| 173|0x00000000ead00000, 0x00000000ead00000, 0x00000000eae00000|  0%| F|  |TAMS 0x00000000ead00000, 0x00000000ead00000| Untracked 
| 174|0x00000000eae00000, 0x00000000eae00000, 0x00000000eaf00000|  0%| F|  |TAMS 0x00000000eae00000, 0x00000000eae00000| Untracked 
| 175|0x00000000eaf00000, 0x00000000eaf00000, 0x00000000eb000000|  0%| F|  |TAMS 0x00000000eaf00000, 0x00000000eaf00000| Untracked 
| 176|0x00000000eb000000, 0x00000000eb000000, 0x00000000eb100000|  0%| F|  |TAMS 0x00000000eb000000, 0x00000000eb000000| Untracked 
| 177|0x00000000eb100000, 0x00000000eb100000, 0x00000000eb200000|  0%| F|  |TAMS 0x00000000eb100000, 0x00000000eb100000| Untracked 
| 178|0x00000000eb200000, 0x00000000eb200000, 0x00000000eb300000|  0%| F|  |TAMS 0x00000000eb200000, 0x00000000eb200000| Untracked 
| 179|0x00000000eb300000, 0x00000000eb300000, 0x00000000eb400000|  0%| F|  |TAMS 0x00000000eb300000, 0x00000000eb300000| Untracked 
| 180|0x00000000eb400000, 0x00000000eb400000, 0x00000000eb500000|  0%| F|  |TAMS 0x00000000eb400000, 0x00000000eb400000| Untracked 
| 181|0x00000000eb500000, 0x00000000eb500000, 0x00000000eb600000|  0%| F|  |TAMS 0x00000000eb500000, 0x00000000eb500000| Untracked 
| 182|0x00000000eb600000, 0x00000000eb600000, 0x00000000eb700000|  0%| F|  |TAMS 0x00000000eb600000, 0x00000000eb600000| Untracked 
| 183|0x00000000eb700000, 0x00000000eb700000, 0x00000000eb800000|  0%| F|  |TAMS 0x00000000eb700000, 0x00000000eb700000| Untracked 
| 184|0x00000000eb800000, 0x00000000eb800000, 0x00000000eb900000|  0%| F|  |TAMS 0x00000000eb800000, 0x00000000eb800000| Untracked 
| 185|0x00000000eb900000, 0x00000000eb900000, 0x00000000eba00000|  0%| F|  |TAMS 0x00000000eb900000, 0x00000000eb900000| Untracked 
| 186|0x00000000eba00000, 0x00000000eba00000, 0x00000000ebb00000|  0%| F|  |TAMS 0x00000000eba00000, 0x00000000eba00000| Untracked 
| 187|0x00000000ebb00000, 0x00000000ebb00000, 0x00000000ebc00000|  0%| F|  |TAMS 0x00000000ebb00000, 0x00000000ebb00000| Untracked 
| 188|0x00000000ebc00000, 0x00000000ebc00000, 0x00000000ebd00000|  0%| F|  |TAMS 0x00000000ebc00000, 0x00000000ebc00000| Untracked 
| 189|0x00000000ebd00000, 0x00000000ebd00000, 0x00000000ebe00000|  0%| F|  |TAMS 0x00000000ebd00000, 0x00000000ebd00000| Untracked 
| 190|0x00000000ebe00000, 0x00000000ebe00000, 0x00000000ebf00000|  0%| F|  |TAMS 0x00000000ebe00000, 0x00000000ebe00000| Untracked 
| 191|0x00000000ebf00000, 0x00000000ebf00000, 0x00000000ec000000|  0%| F|  |TAMS 0x00000000ebf00000, 0x00000000ebf00000| Untracked 
| 192|0x00000000ec000000, 0x00000000ec000000, 0x00000000ec100000|  0%| F|  |TAMS 0x00000000ec000000, 0x00000000ec000000| Untracked 
| 193|0x00000000ec100000, 0x00000000ec100000, 0x00000000ec200000|  0%| F|  |TAMS 0x00000000ec100000, 0x00000000ec100000| Untracked 
| 194|0x00000000ec200000, 0x00000000ec200000, 0x00000000ec300000|  0%| F|  |TAMS 0x00000000ec200000, 0x00000000ec200000| Untracked 
| 195|0x00000000ec300000, 0x00000000ec300000, 0x00000000ec400000|  0%| F|  |TAMS 0x00000000ec300000, 0x00000000ec300000| Untracked 
| 196|0x00000000ec400000, 0x00000000ec400000, 0x00000000ec500000|  0%| F|  |TAMS 0x00000000ec400000, 0x00000000ec400000| Untracked 
| 197|0x00000000ec500000, 0x00000000ec500000, 0x00000000ec600000|  0%| F|  |TAMS 0x00000000ec500000, 0x00000000ec500000| Untracked 
| 198|0x00000000ec600000, 0x00000000ec600000, 0x00000000ec700000|  0%| F|  |TAMS 0x00000000ec600000, 0x00000000ec600000| Untracked 
| 199|0x00000000ec700000, 0x00000000ec700000, 0x00000000ec800000|  0%| F|  |TAMS 0x00000000ec700000, 0x00000000ec700000| Untracked 
| 200|0x00000000ec800000, 0x00000000ec800000, 0x00000000ec900000|  0%| F|  |TAMS 0x00000000ec800000, 0x00000000ec800000| Untracked 
| 201|0x00000000ec900000, 0x00000000ec900000, 0x00000000eca00000|  0%| F|  |TAMS 0x00000000ec900000, 0x00000000ec900000| Untracked 
| 202|0x00000000eca00000, 0x00000000eca00000, 0x00000000ecb00000|  0%| F|  |TAMS 0x00000000eca00000, 0x00000000eca00000| Untracked 
| 203|0x00000000ecb00000, 0x00000000ecb00000, 0x00000000ecc00000|  0%| F|  |TAMS 0x00000000ecb00000, 0x00000000ecb00000| Untracked 
| 204|0x00000000ecc00000, 0x00000000ecc00000, 0x00000000ecd00000|  0%| F|  |TAMS 0x00000000ecc00000, 0x00000000ecc00000| Untracked 
| 205|0x00000000ecd00000, 0x00000000ecd00000, 0x00000000ece00000|  0%| F|  |TAMS 0x00000000ecd00000, 0x00000000ecd00000| Untracked 
| 206|0x00000000ece00000, 0x00000000ece00000, 0x00000000ecf00000|  0%| F|  |TAMS 0x00000000ece00000, 0x00000000ece00000| Untracked 
| 207|0x00000000ecf00000, 0x00000000ecf00000, 0x00000000ed000000|  0%| F|  |TAMS 0x00000000ecf00000, 0x00000000ecf00000| Untracked 
| 208|0x00000000ed000000, 0x00000000ed000000, 0x00000000ed100000|  0%| F|  |TAMS 0x00000000ed000000, 0x00000000ed000000| Untracked 
| 209|0x00000000ed100000, 0x00000000ed100000, 0x00000000ed200000|  0%| F|  |TAMS 0x00000000ed100000, 0x00000000ed100000| Untracked 
| 210|0x00000000ed200000, 0x00000000ed200000, 0x00000000ed300000|  0%| F|  |TAMS 0x00000000ed200000, 0x00000000ed200000| Untracked 
| 211|0x00000000ed300000, 0x00000000ed300000, 0x00000000ed400000|  0%| F|  |TAMS 0x00000000ed300000, 0x00000000ed300000| Untracked 
| 212|0x00000000ed400000, 0x00000000ed400000, 0x00000000ed500000|  0%| F|  |TAMS 0x00000000ed400000, 0x00000000ed400000| Untracked 
| 213|0x00000000ed500000, 0x00000000ed500000, 0x00000000ed600000|  0%| F|  |TAMS 0x00000000ed500000, 0x00000000ed500000| Untracked 
| 214|0x00000000ed600000, 0x00000000ed600000, 0x00000000ed700000|  0%| F|  |TAMS 0x00000000ed600000, 0x00000000ed600000| Untracked 
| 215|0x00000000ed700000, 0x00000000ed700000, 0x00000000ed800000|  0%| F|  |TAMS 0x00000000ed700000, 0x00000000ed700000| Untracked 
| 216|0x00000000ed800000, 0x00000000ed800000, 0x00000000ed900000|  0%| F|  |TAMS 0x00000000ed800000, 0x00000000ed800000| Untracked 
| 217|0x00000000ed900000, 0x00000000ed900000, 0x00000000eda00000|  0%| F|  |TAMS 0x00000000ed900000, 0x00000000ed900000| Untracked 
| 218|0x00000000eda00000, 0x00000000eda00000, 0x00000000edb00000|  0%| F|  |TAMS 0x00000000eda00000, 0x00000000eda00000| Untracked 
| 219|0x00000000edb00000, 0x00000000edb00000, 0x00000000edc00000|  0%| F|  |TAMS 0x00000000edb00000, 0x00000000edb00000| Untracked 
| 220|0x00000000edc00000, 0x00000000edc00000, 0x00000000edd00000|  0%| F|  |TAMS 0x00000000edc00000, 0x00000000edc00000| Untracked 
| 221|0x00000000edd00000, 0x00000000edd00000, 0x00000000ede00000|  0%| F|  |TAMS 0x00000000edd00000, 0x00000000edd00000| Untracked 
| 222|0x00000000ede00000, 0x00000000ede00000, 0x00000000edf00000|  0%| F|  |TAMS 0x00000000ede00000, 0x00000000ede00000| Untracked 
| 223|0x00000000edf00000, 0x00000000edf00000, 0x00000000ee000000|  0%| F|  |TAMS 0x00000000edf00000, 0x00000000edf00000| Untracked 
| 224|0x00000000ee000000, 0x00000000ee000000, 0x00000000ee100000|  0%| F|  |TAMS 0x00000000ee000000, 0x00000000ee000000| Untracked 
| 225|0x00000000ee100000, 0x00000000ee100000, 0x00000000ee200000|  0%| F|  |TAMS 0x00000000ee100000, 0x00000000ee100000| Untracked 
| 226|0x00000000ee200000, 0x00000000ee200000, 0x00000000ee300000|  0%| F|  |TAMS 0x00000000ee200000, 0x00000000ee200000| Untracked 
| 227|0x00000000ee300000, 0x00000000ee300000, 0x00000000ee400000|  0%| F|  |TAMS 0x00000000ee300000, 0x00000000ee300000| Untracked 
| 228|0x00000000ee400000, 0x00000000ee400000, 0x00000000ee500000|  0%| F|  |TAMS 0x00000000ee400000, 0x00000000ee400000| Untracked 
| 229|0x00000000ee500000, 0x00000000ee500000, 0x00000000ee600000|  0%| F|  |TAMS 0x00000000ee500000, 0x00000000ee500000| Untracked 
| 230|0x00000000ee600000, 0x00000000ee600000, 0x00000000ee700000|  0%| F|  |TAMS 0x00000000ee600000, 0x00000000ee600000| Untracked 
| 231|0x00000000ee700000, 0x00000000ee700000, 0x00000000ee800000|  0%| F|  |TAMS 0x00000000ee700000, 0x00000000ee700000| Untracked 
| 232|0x00000000ee800000, 0x00000000ee800000, 0x00000000ee900000|  0%| F|  |TAMS 0x00000000ee800000, 0x00000000ee800000| Untracked 
| 233|0x00000000ee900000, 0x00000000ee900000, 0x00000000eea00000|  0%| F|  |TAMS 0x00000000ee900000, 0x00000000ee900000| Untracked 
| 234|0x00000000eea00000, 0x00000000eea00000, 0x00000000eeb00000|  0%| F|  |TAMS 0x00000000eea00000, 0x00000000eea00000| Untracked 
| 235|0x00000000eeb00000, 0x00000000eeb00000, 0x00000000eec00000|  0%| F|  |TAMS 0x00000000eeb00000, 0x00000000eeb00000| Untracked 
| 236|0x00000000eec00000, 0x00000000eec00000, 0x00000000eed00000|  0%| F|  |TAMS 0x00000000eec00000, 0x00000000eec00000| Untracked 
| 237|0x00000000eed00000, 0x00000000eed00000, 0x00000000eee00000|  0%| F|  |TAMS 0x00000000eed00000, 0x00000000eed00000| Untracked 
| 238|0x00000000eee00000, 0x00000000eee00000, 0x00000000eef00000|  0%| F|  |TAMS 0x00000000eee00000, 0x00000000eee00000| Untracked 
| 239|0x00000000eef00000, 0x00000000eef00000, 0x00000000ef000000|  0%| F|  |TAMS 0x00000000eef00000, 0x00000000eef00000| Untracked 
| 240|0x00000000ef000000, 0x00000000ef000000, 0x00000000ef100000|  0%| F|  |TAMS 0x00000000ef000000, 0x00000000ef000000| Untracked 
| 241|0x00000000ef100000, 0x00000000ef100000, 0x00000000ef200000|  0%| F|  |TAMS 0x00000000ef100000, 0x00000000ef100000| Untracked 
| 242|0x00000000ef200000, 0x00000000ef200000, 0x00000000ef300000|  0%| F|  |TAMS 0x00000000ef200000, 0x00000000ef200000| Untracked 
| 243|0x00000000ef300000, 0x00000000ef300000, 0x00000000ef400000|  0%| F|  |TAMS 0x00000000ef300000, 0x00000000ef300000| Untracked 
| 244|0x00000000ef400000, 0x00000000ef400000, 0x00000000ef500000|  0%| F|  |TAMS 0x00000000ef400000, 0x00000000ef400000| Untracked 
| 245|0x00000000ef500000, 0x00000000ef500000, 0x00000000ef600000|  0%| F|  |TAMS 0x00000000ef500000, 0x00000000ef500000| Untracked 
| 246|0x00000000ef600000, 0x00000000ef6cdb50, 0x00000000ef700000| 80%| E|  |TAMS 0x00000000ef600000, 0x00000000ef600000| Complete 
| 247|0x00000000ef700000, 0x00000000ef800000, 0x00000000ef800000|100%| E|CS|TAMS 0x00000000ef700000, 0x00000000ef700000| Complete 
| 248|0x00000000ef800000, 0x00000000ef900000, 0x00000000ef900000|100%| E|CS|TAMS 0x00000000ef800000, 0x00000000ef800000| Complete 
| 249|0x00000000ef900000, 0x00000000ef9ffff8, 0x00000000efa00000| 99%| E|CS|TAMS 0x00000000ef900000, 0x00000000ef900000| Complete 
| 250|0x00000000efa00000, 0x00000000efb00000, 0x00000000efb00000|100%| E|CS|TAMS 0x00000000efa00000, 0x00000000efa00000| Complete 
| 251|0x00000000efb00000, 0x00000000efc00000, 0x00000000efc00000|100%| E|CS|TAMS 0x00000000efb00000, 0x00000000efb00000| Complete 
| 252|0x00000000efc00000, 0x00000000efd00000, 0x00000000efd00000|100%| E|CS|TAMS 0x00000000efc00000, 0x00000000efc00000| Complete 
| 253|0x00000000efd00000, 0x00000000efe00000, 0x00000000efe00000|100%| E|CS|TAMS 0x00000000efd00000, 0x00000000efd00000| Complete 
| 254|0x00000000efe00000, 0x00000000eff00000, 0x00000000eff00000|100%| E|CS|TAMS 0x00000000efe00000, 0x00000000efe00000| Complete 
| 255|0x00000000eff00000, 0x00000000f0000000, 0x00000000f0000000|100%| E|CS|TAMS 0x00000000eff00000, 0x00000000eff00000| Complete 

Card table byte_map: [0x000001ad55cb0000,0x000001ad55db0000] _byte_map_base: 0x000001ad555b0000

Marking Bits (Prev, Next): (CMBitMap*) 0x000001ad3c652068, (CMBitMap*) 0x000001ad3c6520a0
 Prev Bits: [0x000001ad55eb0000, 0x000001ad566b0000)
 Next Bits: [0x000001ad566b0000, 0x000001ad56eb0000)

Polling page: 0x000001ad3c480000

Metaspace:

Usage:
  Non-class:     69.56 MB capacity,    67.84 MB ( 98%) used,     1.42 MB (  2%) free+waste,   301.44 KB ( <1%) overhead. 
      Class:     10.22 MB capacity,     9.24 MB ( 90%) used,   876.74 KB (  8%) free+waste,   133.56 KB (  1%) overhead. 
       Both:     79.79 MB capacity,    77.08 MB ( 97%) used,     2.28 MB (  3%) free+waste,   435.00 KB ( <1%) overhead. 

Virtual space:
  Non-class space:       70.00 MB reserved,      69.84 MB (>99%) committed 
      Class space:      248.00 MB reserved,      10.38 MB (  4%) committed 
             Both:      318.00 MB reserved,      80.21 MB ( 25%) committed 

Chunk freelists:
   Non-Class:  285.00 KB
       Class:  154.00 KB
        Both:  439.00 KB

MaxMetaspaceSize: 256.00 MB
CompressedClassSpaceSize: 248.00 MB
Initial GC threshold: 20.80 MB
Current GC threshold: 133.28 MB
CDS: off

CodeHeap 'non-profiled nmethods': size=120064Kb used=16147Kb max_used=16147Kb free=103916Kb
 bounds [0x000001ad4e030000, 0x000001ad4f000000, 0x000001ad55570000]
CodeHeap 'profiled nmethods': size=120000Kb used=41286Kb max_used=41286Kb free=78713Kb
 bounds [0x000001ad46b00000, 0x000001ad49360000, 0x000001ad4e030000]
CodeHeap 'non-nmethods': size=5696Kb used=2343Kb max_used=2437Kb free=3353Kb
 bounds [0x000001ad46570000, 0x000001ad467f0000, 0x000001ad46b00000]
 total_blobs=18787 nmethods=17928 adapters=770
 compilation: enabled
              stopped_count=0, restarted_count=0
 full_count=0

Compilation events (20 events):
Event: 7174.006 Thread 0x000001ad594de000 nmethod 19756 0x000001ad4efe7790 code [0x000001ad4efe7920, 0x000001ad4efe7a58]
Event: 7174.019 Thread 0x000001ad594e3000 19759       1       org.gradle.internal.execution.fingerprint.impl.DefaultInputFingerprinter$InputFingerprints::getFileFingerprints (5 bytes)
Event: 7174.019 Thread 0x000001ad594de000 19760       4       java.util.Collections::indexedBinarySearch (83 bytes)
Event: 7174.019 Thread 0x000001ad594e3000 nmethod 19759 0x000001ad4efe7b90 code [0x000001ad4efe7d40, 0x000001ad4efe7df8]
Event: 7174.020 Thread 0x000001ad594e3000 19761       3       org.gradle.internal.snapshot.impl.BooleanValueSnapshot::snapshot (7 bytes)
Event: 7174.021 Thread 0x000001ad594e3000 nmethod 19761 0x000001ad4934b490 code [0x000001ad4934b6a0, 0x000001ad4934bca8]
Event: 7174.021 Thread 0x000001ad594e3000 19762   !   3       com.google.common.collect.RegularImmutableSortedSet::indexOf (35 bytes)
Event: 7174.021 Thread 0x000001ad594e3000 nmethod 19762 0x000001ad4934bf10 code [0x000001ad4934c0e0, 0x000001ad4934c328]
Event: 7174.025 Thread 0x000001ad594de000 nmethod 19760 0x000001ad4efe7e90 code [0x000001ad4efe8040, 0x000001ad4efe8358]
Event: 7174.025 Thread 0x000001ad594de000 19763       4       org.gradle.api.internal.DelegatingDomainObjectSet::iterator (10 bytes)
Event: 7174.107 Thread 0x000001ad594e3000 19770       3       io.spring.gradle.dependencymanagement.org.apache.maven.model.io.xpp3.MavenXpp3Reader::parseBuild (830 bytes)
Event: 7174.115 Thread 0x000001ad594e3000 nmethod 19770 0x000001ad4934c410 code [0x000001ad4934cdc0, 0x000001ad49351f08]
Event: 7174.199 Thread 0x000001ad594e3000 19772       3       org.gradle.internal.classloader.ClassLoaderVisitor::visit (80 bytes)
Event: 7174.201 Thread 0x000001ad594e3000 nmethod 19772 0x000001ad49353710 code [0x000001ad49353aa0, 0x000001ad49355768]
Event: 7174.201 Thread 0x000001ad594e3000 19773       3       org.gradle.api.internal.provider.ValueSupplier$ValueProducer::visitContentProducerTasks (8 bytes)
Event: 7174.201 Thread 0x000001ad594e3000 nmethod 19773 0x000001ad49355e10 code [0x000001ad49355fc0, 0x000001ad49356168]
Event: 7174.255 Thread 0x000001ad594de000 nmethod 19763 0x000001ad4efe8690 code [0x000001ad4efe8a40, 0x000001ad4efeb550]
Event: 7174.255 Thread 0x000001ad594de000 19771   !   4       io.spring.gradle.dependencymanagement.org.apache.maven.model.Model::clone (502 bytes)
Event: 7174.288 Thread 0x000001ad5f06b800 nmethod 19733 0x000001ad4efed910 code [0x000001ad4efedce0, 0x000001ad4eff1bf8]
Event: 7174.288 Thread 0x000001ad5f06b800 19765       4       io.spring.gradle.dependencymanagement.internal.VersionConfiguringAction::isDirectDependency (153 bytes)

GC Heap History (20 events):
Event: 4872.624 GC heap before
{Heap before GC invocations=41 (full 0):
 garbage-first heap   total 262144K, used 129008K [0x00000000e0000000, 0x0000000100000000)
  region size 1024K, 12 young (12288K), 8 survivors (8192K)
 Metaspace       used 78591K, capacity 81335K, committed 81884K, reserved 325632K
  class space    used 9455K, capacity 10467K, committed 10624K, reserved 253952K
}
Event: 4872.631 GC heap after
{Heap after GC invocations=42 (full 0):
 garbage-first heap   total 262144K, used 93924K [0x00000000e0000000, 0x0000000100000000)
  region size 1024K, 1 young (1024K), 1 survivors (1024K)
 Metaspace       used 78591K, capacity 81335K, committed 81884K, reserved 325632K
  class space    used 9455K, capacity 10467K, committed 10624K, reserved 253952K
}
Event: 5011.990 GC heap before
{Heap before GC invocations=42 (full 0):
 garbage-first heap   total 262144K, used 104164K [0x00000000e0000000, 0x0000000100000000)
  region size 1024K, 12 young (12288K), 1 survivors (1024K)
 Metaspace       used 78595K, capacity 81336K, committed 81884K, reserved 325632K
  class space    used 9455K, capacity 10467K, committed 10624K, reserved 253952K
}
Event: 5011.997 GC heap after
{Heap after GC invocations=43 (full 0):
 garbage-first heap   total 262144K, used 88256K [0x00000000e0000000, 0x0000000100000000)
  region size 1024K, 1 young (1024K), 1 survivors (1024K)
 Metaspace       used 78595K, capacity 81336K, committed 81884K, reserved 325632K
  class space    used 9455K, capacity 10467K, committed 10624K, reserved 253952K
}
Event: 5012.732 GC heap before
{Heap before GC invocations=43 (full 0):
 garbage-first heap   total 262144K, used 206016K [0x00000000e0000000, 0x0000000100000000)
  region size 1024K, 117 young (119808K), 1 survivors (1024K)
 Metaspace       used 78639K, capacity 81465K, committed 82140K, reserved 325632K
  class space    used 9455K, capacity 10467K, committed 10624K, reserved 253952K
}
Event: 5012.742 GC heap after
{Heap after GC invocations=44 (full 0):
 garbage-first heap   total 262144K, used 94424K [0x00000000e0000000, 0x0000000100000000)
  region size 1024K, 7 young (7168K), 7 survivors (7168K)
 Metaspace       used 78639K, capacity 81465K, committed 82140K, reserved 325632K
  class space    used 9455K, capacity 10467K, committed 10624K, reserved 253952K
}
Event: 5142.004 GC heap before
{Heap before GC invocations=44 (full 0):
 garbage-first heap   total 262144K, used 209112K [0x00000000e0000000, 0x0000000100000000)
  region size 1024K, 120 young (122880K), 7 survivors (7168K)
 Metaspace       used 78742K, capacity 81490K, committed 82140K, reserved 325632K
  class space    used 9456K, capacity 10468K, committed 10624K, reserved 253952K
}
Event: 5142.012 GC heap after
{Heap after GC invocations=45 (full 0):
 garbage-first heap   total 262144K, used 93829K [0x00000000e0000000, 0x0000000100000000)
  region size 1024K, 6 young (6144K), 6 survivors (6144K)
 Metaspace       used 78742K, capacity 81490K, committed 82140K, reserved 325632K
  class space    used 9456K, capacity 10468K, committed 10624K, reserved 253952K
}
Event: 5142.853 GC heap before
{Heap before GC invocations=45 (full 0):
 garbage-first heap   total 262144K, used 213637K [0x00000000e0000000, 0x0000000100000000)
  region size 1024K, 121 young (123904K), 6 survivors (6144K)
 Metaspace       used 78761K, capacity 81490K, committed 82140K, reserved 325632K
  class space    used 9456K, capacity 10468K, committed 10624K, reserved 253952K
}
Event: 5142.876 GC heap after
{Heap after GC invocations=46 (full 0):
 garbage-first heap   total 262144K, used 110379K [0x00000000e0000000, 0x0000000100000000)
  region size 1024K, 16 young (16384K), 16 survivors (16384K)
 Metaspace       used 78761K, capacity 81490K, committed 82140K, reserved 325632K
  class space    used 9456K, capacity 10468K, committed 10624K, reserved 253952K
}
Event: 5652.799 GC heap before
{Heap before GC invocations=46 (full 0):
 garbage-first heap   total 262144K, used 206635K [0x00000000e0000000, 0x0000000100000000)
  region size 1024K, 111 young (113664K), 16 survivors (16384K)
 Metaspace       used 78839K, capacity 81556K, committed 82140K, reserved 325632K
  class space    used 9457K, capacity 10468K, committed 10624K, reserved 253952K
}
Event: 5652.828 GC heap after
{Heap after GC invocations=47 (full 0):
 garbage-first heap   total 262144K, used 114612K [0x00000000e0000000, 0x0000000100000000)
  region size 1024K, 8 young (8192K), 8 survivors (8192K)
 Metaspace       used 78839K, capacity 81556K, committed 82140K, reserved 325632K
  class space    used 9457K, capacity 10468K, committed 10624K, reserved 253952K
}
Event: 5653.405 GC heap before
{Heap before GC invocations=47 (full 0):
 garbage-first heap   total 262144K, used 208820K [0x00000000e0000000, 0x0000000100000000)
  region size 1024K, 101 young (103424K), 8 survivors (8192K)
 Metaspace       used 78844K, capacity 81620K, committed 82140K, reserved 325632K
  class space    used 9457K, capacity 10468K, committed 10624K, reserved 253952K
}
Event: 5653.419 GC heap after
{Heap after GC invocations=48 (full 0):
 garbage-first heap   total 262144K, used 118566K [0x00000000e0000000, 0x0000000100000000)
  region size 1024K, 4 young (4096K), 4 survivors (4096K)
 Metaspace       used 78844K, capacity 81620K, committed 82140K, reserved 325632K
  class space    used 9457K, capacity 10468K, committed 10624K, reserved 253952K
}
Event: 5654.110 GC heap before
{Heap before GC invocations=48 (full 0):
 garbage-first heap   total 262144K, used 213798K [0x00000000e0000000, 0x0000000100000000)
  region size 1024K, 96 young (98304K), 4 survivors (4096K)
 Metaspace       used 78862K, capacity 81622K, committed 82140K, reserved 325632K
  class space    used 9457K, capacity 10468K, committed 10624K, reserved 253952K
}
Event: 5654.117 GC heap after
{Heap after GC invocations=49 (full 0):
 garbage-first heap   total 262144K, used 123920K [0x00000000e0000000, 0x0000000100000000)
  region size 1024K, 9 young (9216K), 9 survivors (9216K)
 Metaspace       used 78862K, capacity 81622K, committed 82140K, reserved 325632K
  class space    used 9457K, capacity 10468K, committed 10624K, reserved 253952K
}
Event: 7173.700 GC heap before
{Heap before GC invocations=49 (full 0):
 garbage-first heap   total 262144K, used 213008K [0x00000000e0000000, 0x0000000100000000)
  region size 1024K, 97 young (99328K), 9 survivors (9216K)
 Metaspace       used 78914K, capacity 81626K, committed 82140K, reserved 325632K
  class space    used 9458K, capacity 10468K, committed 10624K, reserved 253952K
}
Event: 7173.714 GC heap after
{Heap after GC invocations=50 (full 0):
 garbage-first heap   total 262144K, used 123352K [0x00000000e0000000, 0x0000000100000000)
  region size 1024K, 6 young (6144K), 6 survivors (6144K)
 Metaspace       used 78914K, capacity 81626K, committed 82140K, reserved 325632K
  class space    used 9458K, capacity 10468K, committed 10624K, reserved 253952K
}
Event: 7174.218 GC heap before
{Heap before GC invocations=50 (full 0):
 garbage-first heap   total 262144K, used 213464K [0x00000000e0000000, 0x0000000100000000)
  region size 1024K, 95 young (97280K), 6 survivors (6144K)
 Metaspace       used 78923K, capacity 81692K, committed 82140K, reserved 325632K
  class space    used 9458K, capacity 10468K, committed 10624K, reserved 253952K
}
Event: 7174.243 GC heap after
{Heap after GC invocations=51 (full 0):
 garbage-first heap   total 262144K, used 126101K [0x00000000e0000000, 0x0000000100000000)
  region size 1024K, 8 young (8192K), 8 survivors (8192K)
 Metaspace       used 78923K, capacity 81692K, committed 82140K, reserved 325632K
  class space    used 9458K, capacity 10468K, committed 10624K, reserved 253952K
}

Deoptimization events (20 events):
Event: 5653.965 Thread 0x000001ad5c38d000 Uncommon trap: trap_request=0xffffffc6 fr.pc=0x000001ad4e2f3238 relative=0x0000000000000198
Event: 5653.965 Thread 0x000001ad5c38d000 Uncommon trap: reason=bimorphic_or_optimized_type_check action=maybe_recompile pc=0x000001ad4e2f3238 method=com.sun.tools.javac.code.Types$13.visitClassType(Lcom/sun/tools/javac/code/Type$ClassType;Lcom/sun/tools/javac/code/Symbol;)Lcom/sun/tools/javac/co
Event: 5653.965 Thread 0x000001ad5c38d000 DEOPT PACKING pc=0x000001ad4e2f3238 sp=0x0000001d06ff71e0
Event: 5653.965 Thread 0x000001ad5c38d000 DEOPT UNPACKING pc=0x000001ad465ba1af sp=0x0000001d06ff7138 mode 2
Event: 5653.968 Thread 0x000001ad5c38d000 Uncommon trap: trap_request=0xffffffc6 fr.pc=0x000001ad4e2f3238 relative=0x0000000000000198
Event: 5653.968 Thread 0x000001ad5c38d000 Uncommon trap: reason=bimorphic_or_optimized_type_check action=maybe_recompile pc=0x000001ad4e2f3238 method=com.sun.tools.javac.code.Types$13.visitClassType(Lcom/sun/tools/javac/code/Type$ClassType;Lcom/sun/tools/javac/code/Symbol;)Lcom/sun/tools/javac/co
Event: 5653.968 Thread 0x000001ad5c38d000 DEOPT PACKING pc=0x000001ad4e2f3238 sp=0x0000001d06ff6160
Event: 5653.968 Thread 0x000001ad5c38d000 DEOPT UNPACKING pc=0x000001ad465ba1af sp=0x0000001d06ff60b8 mode 2
Event: 5653.968 Thread 0x000001ad5c38d000 Uncommon trap: trap_request=0xffffffc6 fr.pc=0x000001ad4e2f3238 relative=0x0000000000000198
Event: 5653.968 Thread 0x000001ad5c38d000 Uncommon trap: reason=bimorphic_or_optimized_type_check action=maybe_recompile pc=0x000001ad4e2f3238 method=com.sun.tools.javac.code.Types$13.visitClassType(Lcom/sun/tools/javac/code/Type$ClassType;Lcom/sun/tools/javac/code/Symbol;)Lcom/sun/tools/javac/co
Event: 5653.968 Thread 0x000001ad5c38d000 DEOPT PACKING pc=0x000001ad4e2f3238 sp=0x0000001d06ff6250
Event: 5653.968 Thread 0x000001ad5c38d000 DEOPT UNPACKING pc=0x000001ad465ba1af sp=0x0000001d06ff61a8 mode 2
Event: 6657.789 Thread 0x000001ad5c386800 Uncommon trap: trap_request=0xffffff4d fr.pc=0x000001ad4e940a8c relative=0x000000000000198c
Event: 6657.789 Thread 0x000001ad5c386800 Uncommon trap: reason=unstable_if action=reinterpret pc=0x000001ad4e940a8c method=java.util.concurrent.locks.AbstractQueuedSynchronizer$ConditionObject.awaitNanos(J)J @ 79 c2
Event: 6657.789 Thread 0x000001ad5c386800 DEOPT PACKING pc=0x000001ad4e940a8c sp=0x0000001d072ff010
Event: 6657.790 Thread 0x000001ad5c386800 DEOPT UNPACKING pc=0x000001ad465ba1af sp=0x0000001d072fefe0 mode 2
Event: 7173.443 Thread 0x000001ad5c380000 Uncommon trap: trap_request=0xffffffcc fr.pc=0x000001ad4efaedbc relative=0x00000000000002fc
Event: 7173.443 Thread 0x000001ad5c380000 Uncommon trap: reason=intrinsic_or_type_checked_inlining action=make_not_entrant pc=0x000001ad4efaedbc method=java.util.Arrays.copyOfRange([Ljava/lang/Object;IILjava/lang/Class;)[Ljava/lang/Object; @ 83 c2
Event: 7173.443 Thread 0x000001ad5c380000 DEOPT PACKING pc=0x000001ad4efaedbc sp=0x0000001d070faed0
Event: 7173.443 Thread 0x000001ad5c380000 DEOPT UNPACKING pc=0x000001ad465ba1af sp=0x0000001d070fae50 mode 2

Classes redefined (0 events):
No events

Internal exceptions (20 events):
Event: 5653.905 Thread 0x000001ad5c38d000 Exception <a 'sun/nio/fs/WindowsException'{0x00000000ebe52f98}> (0x00000000ebe52f98) thrown at [./src/hotspot/share/prims/jni.cpp, line 617]
Event: 5653.906 Thread 0x000001ad5c38d000 Exception <a 'sun/nio/fs/WindowsException'{0x00000000ebe55dc8}> (0x00000000ebe55dc8) thrown at [./src/hotspot/share/prims/jni.cpp, line 617]
Event: 5653.906 Thread 0x000001ad5c38d000 Exception <a 'sun/nio/fs/WindowsException'{0x00000000ebe56150}> (0x00000000ebe56150) thrown at [./src/hotspot/share/prims/jni.cpp, line 617]
Event: 5653.906 Thread 0x000001ad5c38d000 Exception <a 'sun/nio/fs/WindowsException'{0x00000000ebe66038}> (0x00000000ebe66038) thrown at [./src/hotspot/share/prims/jni.cpp, line 617]
Event: 5653.906 Thread 0x000001ad5c38d000 Exception <a 'sun/nio/fs/WindowsException'{0x00000000ebe663c8}> (0x00000000ebe663c8) thrown at [./src/hotspot/share/prims/jni.cpp, line 617]
Event: 5653.908 Thread 0x000001ad5c38d000 Exception <a 'sun/nio/fs/WindowsException'{0x00000000ebe92368}> (0x00000000ebe92368) thrown at [./src/hotspot/share/prims/jni.cpp, line 617]
Event: 5653.908 Thread 0x000001ad5c38d000 Exception <a 'sun/nio/fs/WindowsException'{0x00000000ebe92718}> (0x00000000ebe92718) thrown at [./src/hotspot/share/prims/jni.cpp, line 617]
Event: 5653.908 Thread 0x000001ad5c38d000 Exception <a 'sun/nio/fs/WindowsException'{0x00000000ebe95aa0}> (0x00000000ebe95aa0) thrown at [./src/hotspot/share/prims/jni.cpp, line 617]
Event: 5653.908 Thread 0x000001ad5c38d000 Exception <a 'sun/nio/fs/WindowsException'{0x00000000ebe95e40}> (0x00000000ebe95e40) thrown at [./src/hotspot/share/prims/jni.cpp, line 617]
Event: 5653.908 Thread 0x000001ad5c38d000 Exception <a 'sun/nio/fs/WindowsException'{0x00000000ebe9a468}> (0x00000000ebe9a468) thrown at [./src/hotspot/share/prims/jni.cpp, line 617]
Event: 5653.908 Thread 0x000001ad5c38d000 Exception <a 'sun/nio/fs/WindowsException'{0x00000000ebe9a818}> (0x00000000ebe9a818) thrown at [./src/hotspot/share/prims/jni.cpp, line 617]
Event: 5653.909 Thread 0x000001ad5c38d000 Exception <a 'sun/nio/fs/WindowsException'{0x00000000ebeaaf68}> (0x00000000ebeaaf68) thrown at [./src/hotspot/share/prims/jni.cpp, line 617]
Event: 5653.909 Thread 0x000001ad5c38d000 Exception <a 'sun/nio/fs/WindowsException'{0x00000000ebeab320}> (0x00000000ebeab320) thrown at [./src/hotspot/share/prims/jni.cpp, line 617]
Event: 5653.909 Thread 0x000001ad5c38d000 Exception <a 'sun/nio/fs/WindowsException'{0x00000000ebeae6a8}> (0x00000000ebeae6a8) thrown at [./src/hotspot/share/prims/jni.cpp, line 617]
Event: 5653.909 Thread 0x000001ad5c38d000 Exception <a 'sun/nio/fs/WindowsException'{0x00000000ebeaea50}> (0x00000000ebeaea50) thrown at [./src/hotspot/share/prims/jni.cpp, line 617]
Event: 5653.909 Thread 0x000001ad5c38d000 Exception <a 'sun/nio/fs/WindowsException'{0x00000000ebeb34f8}> (0x00000000ebeb34f8) thrown at [./src/hotspot/share/prims/jni.cpp, line 617]
Event: 5653.909 Thread 0x000001ad5c38d000 Exception <a 'sun/nio/fs/WindowsException'{0x00000000ebeb38b0}> (0x00000000ebeb38b0) thrown at [./src/hotspot/share/prims/jni.cpp, line 617]
Event: 5653.972 Thread 0x000001ad5c38d000 Exception <a 'sun/nio/fs/WindowsException'{0x00000000eb13de38}> (0x00000000eb13de38) thrown at [./src/hotspot/share/prims/jni.cpp, line 617]
Event: 5653.974 Thread 0x000001ad5c38d000 Exception <a 'sun/nio/fs/WindowsException'{0x00000000eb13f080}> (0x00000000eb13f080) thrown at [./src/hotspot/share/prims/jni.cpp, line 617]
Event: 7173.382 Thread 0x000001ad60e95800 Exception <a 'java/lang/NoClassDefFoundError'{0x00000000ecd48708}: org/jetbrains/kotlin/gradle/plugin/KotlinPluginWrapper> (0x00000000ecd48708) thrown at [./src/hotspot/share/oops/constantPool.cpp, line 775]

Events (20 events):
Event: 7173.946 Executing VM operation: RevokeBias
Event: 7173.946 Executing VM operation: RevokeBias done
Event: 7173.946 Executing VM operation: RevokeBias
Event: 7173.947 Executing VM operation: RevokeBias done
Event: 7173.954 Executing VM operation: RevokeBias
Event: 7173.954 Executing VM operation: RevokeBias done
Event: 7174.032 Executing VM operation: RevokeBias
Event: 7174.032 Executing VM operation: RevokeBias done
Event: 7174.035 Executing VM operation: RevokeBias
Event: 7174.036 Executing VM operation: RevokeBias done
Event: 7174.040 Executing VM operation: RevokeBias
Event: 7174.040 Executing VM operation: RevokeBias done
Event: 7174.083 Executing VM operation: RevokeBias
Event: 7174.083 Executing VM operation: RevokeBias done
Event: 7174.209 Thread 0x000001ad5f519800 Thread added: 0x000001ad5f519800
Event: 7174.209 Thread 0x000001ad5f51c000 Thread added: 0x000001ad5f51c000
Event: 7174.209 Thread 0x000001ad5f520000 Thread added: 0x000001ad5f520000
Event: 7174.209 Thread 0x000001ad5d1b7800 Thread added: 0x000001ad5d1b7800
Event: 7174.217 Executing VM operation: G1CollectForAllocation
Event: 7174.243 Executing VM operation: G1CollectForAllocation done


Dynamic libraries:
0x00007ff78e8a0000 - 0x00007ff78e8ad000 	C:\Users\DELL\.jdks\corretto-11.0.15\bin\java.exe
0x00007ffa72750000 - 0x00007ffa72945000 	C:\Windows\SYSTEM32\ntdll.dll
0x00007ffa71350000 - 0x00007ffa7140d000 	C:\Windows\System32\KERNEL32.DLL
0x00007ffa703a0000 - 0x00007ffa7066d000 	C:\Windows\System32\KERNELBASE.dll
0x00007ffa6ff40000 - 0x00007ffa70040000 	C:\Windows\System32\ucrtbase.dll
0x00007ffa6a340000 - 0x00007ffa6a357000 	C:\Users\DELL\.jdks\corretto-11.0.15\bin\jli.dll
0x00007ffa709d0000 - 0x00007ffa70b70000 	C:\Windows\System32\USER32.dll
0x00007ffa58b30000 - 0x00007ffa58dca000 	C:\Windows\WinSxS\amd64_microsoft.windows.common-controls_6595b64144ccf1df_6.0.19041.1110_none_60b5254171f9507e\COMCTL32.dll
0x00007ffa6fe60000 - 0x00007ffa6fe82000 	C:\Windows\System32\win32u.dll
0x00007ffa71090000 - 0x00007ffa7112e000 	C:\Windows\System32\msvcrt.dll
0x00007ffa709a0000 - 0x00007ffa709ca000 	C:\Windows\System32\GDI32.dll
0x00007ffa6a320000 - 0x00007ffa6a339000 	C:\Users\DELL\.jdks\corretto-11.0.15\bin\VCRUNTIME140.dll
0x00007ffa700c0000 - 0x00007ffa701cb000 	C:\Windows\System32\gdi32full.dll
0x00007ffa70670000 - 0x00007ffa7070d000 	C:\Windows\System32\msvcp_win.dll
0x00007ffa71fe0000 - 0x00007ffa72010000 	C:\Windows\System32\IMM32.DLL
0x00007ffa69f20000 - 0x00007ffa69fbb000 	C:\Users\DELL\.jdks\corretto-11.0.15\bin\msvcp140.dll
0x00007ffa34c40000 - 0x00007ffa357c3000 	C:\Users\DELL\.jdks\corretto-11.0.15\bin\server\jvm.dll
0x00007ffa72390000 - 0x00007ffa7243e000 	C:\Windows\System32\ADVAPI32.dll
0x00007ffa720c0000 - 0x00007ffa7215c000 	C:\Windows\System32\sechost.dll
0x00007ffa707b0000 - 0x00007ffa708d5000 	C:\Windows\System32\RPCRT4.dll
0x00007ffa71080000 - 0x00007ffa71088000 	C:\Windows\System32\PSAPI.DLL
0x00007ffa64730000 - 0x00007ffa64739000 	C:\Windows\SYSTEM32\WSOCK32.dll
0x00007ffa69020000 - 0x00007ffa6902a000 	C:\Windows\SYSTEM32\VERSION.dll
0x00007ffa72240000 - 0x00007ffa722ab000 	C:\Windows\System32\WS2_32.dll
0x00007ffa58650000 - 0x00007ffa58677000 	C:\Windows\SYSTEM32\WINMM.dll
0x00007ffa6e740000 - 0x00007ffa6e752000 	C:\Windows\SYSTEM32\kernel.appcore.dll
0x00007ffa6a310000 - 0x00007ffa6a320000 	C:\Users\DELL\.jdks\corretto-11.0.15\bin\verify.dll
0x00007ffa6dc50000 - 0x00007ffa6de34000 	C:\Windows\SYSTEM32\DBGHELP.DLL
0x00007ffa67310000 - 0x00007ffa6733c000 	C:\Windows\SYSTEM32\dbgcore.DLL
0x00007ffa70710000 - 0x00007ffa70792000 	C:\Windows\System32\bcryptPrimitives.dll
0x00007ffa6a2e0000 - 0x00007ffa6a308000 	C:\Users\DELL\.jdks\corretto-11.0.15\bin\java.dll
0x00007ffa69f10000 - 0x00007ffa69f1a000 	C:\Users\DELL\.jdks\corretto-11.0.15\bin\jimage.dll
0x00007ffa698f0000 - 0x00007ffa69908000 	C:\Users\DELL\.jdks\corretto-11.0.15\bin\zip.dll
0x00007ffa71890000 - 0x00007ffa71fd4000 	C:\Windows\System32\SHELL32.dll
0x00007ffa6de40000 - 0x00007ffa6e5d4000 	C:\Windows\SYSTEM32\windows.storage.dll
0x00007ffa71410000 - 0x00007ffa71764000 	C:\Windows\System32\combase.dll
0x00007ffa6f7f0000 - 0x00007ffa6f81c000 	C:\Windows\SYSTEM32\Wldp.dll
0x00007ffa72010000 - 0x00007ffa720bd000 	C:\Windows\System32\SHCORE.dll
0x00007ffa70940000 - 0x00007ffa70995000 	C:\Windows\System32\shlwapi.dll
0x00007ffa6fda0000 - 0x00007ffa6fdbf000 	C:\Windows\SYSTEM32\profapi.dll
0x00007ffa69670000 - 0x00007ffa69689000 	C:\Users\DELL\.jdks\corretto-11.0.15\bin\net.dll
0x00007ffa66210000 - 0x00007ffa6631a000 	C:\Windows\SYSTEM32\WINHTTP.dll
0x00007ffa6f550000 - 0x00007ffa6f5ba000 	C:\Windows\system32\mswsock.dll
0x00007ffa69530000 - 0x00007ffa69543000 	C:\Users\DELL\.jdks\corretto-11.0.15\bin\nio.dll
0x00007ffa56490000 - 0x00007ffa564b7000 	C:\Users\DELL\.gradle\native\e1d6ef7f7dcc3fd88c89a11ec53ec762bb8ba0a96d01ffa2cd45eb1d1d8dd5c5\windows-amd64\native-platform.dll
0x00007ffa54ff0000 - 0x00007ffa55134000 	C:\Users\DELL\.gradle\native\0d407fdbe67a94daf76414ababcb853783967236a71b16ec16e742cd7a986fd3\windows-amd64\native-platform-file-events.dll
0x00007ffa69dd0000 - 0x00007ffa69dd9000 	C:\Users\DELL\.jdks\corretto-11.0.15\bin\management.dll
0x00007ffa69880000 - 0x00007ffa6988b000 	C:\Users\DELL\.jdks\corretto-11.0.15\bin\management_ext.dll
0x00007ffa6f740000 - 0x00007ffa6f758000 	C:\Windows\SYSTEM32\CRYPTSP.dll
0x00007ffa6eed0000 - 0x00007ffa6ef04000 	C:\Windows\system32\rsaenh.dll
0x00007ffa70040000 - 0x00007ffa70067000 	C:\Windows\System32\bcrypt.dll
0x00007ffa6fd60000 - 0x00007ffa6fd8e000 	C:\Windows\SYSTEM32\USERENV.dll
0x00007ffa6f760000 - 0x00007ffa6f76c000 	C:\Windows\SYSTEM32\CRYPTBASE.dll
0x00007ffa6f240000 - 0x00007ffa6f27b000 	C:\Windows\SYSTEM32\IPHLPAPI.DLL
0x00007ffa707a0000 - 0x00007ffa707a8000 	C:\Windows\System32\NSI.dll
0x00007ffa67530000 - 0x00007ffa67547000 	C:\Windows\SYSTEM32\dhcpcsvc6.DLL
0x00007ffa67780000 - 0x00007ffa6779d000 	C:\Windows\SYSTEM32\dhcpcsvc.DLL
0x00007ffa6f280000 - 0x00007ffa6f34b000 	C:\Windows\SYSTEM32\DNSAPI.dll

dbghelp: loaded successfully - version: 4.0.5 - missing functions: none
symbol engine: initialized successfully - sym options: 0x614 - pdb path: .;C:\Users\DELL\.jdks\corretto-11.0.15\bin;C:\Windows\SYSTEM32;C:\Windows\WinSxS\amd64_microsoft.windows.common-controls_6595b64144ccf1df_6.0.19041.1110_none_60b5254171f9507e;C:\Users\DELL\.jdks\corretto-11.0.15\bin\server;C:\Users\DELL\.gradle\native\e1d6ef7f7dcc3fd88c89a11ec53ec762bb8ba0a96d01ffa2cd45eb1d1d8dd5c5\windows-amd64;C:\Users\DELL\.gradle\native\0d407fdbe67a94daf76414ababcb853783967236a71b16ec16e742cd7a986fd3\windows-amd64

VM Arguments:
jvm_args: --add-opens=java.base/java.util=ALL-UNNAMED --add-opens=java.base/java.lang=ALL-UNNAMED --add-opens=java.base/java.lang.invoke=ALL-UNNAMED --add-opens=java.base/java.util=ALL-UNNAMED --add-opens=java.prefs/java.util.prefs=ALL-UNNAMED --add-opens=java.prefs/java.util.prefs=ALL-UNNAMED --add-opens=java.base/java.nio.charset=ALL-UNNAMED --add-opens=java.base/java.net=ALL-UNNAMED --add-opens=java.base/java.util.concurrent.atomic=ALL-UNNAMED -XX:MaxMetaspaceSize=256m -XX:+HeapDumpOnOutOfMemoryError -Xms256m -Xmx512m -Dfile.encoding=windows-1250 -Duser.country=PL -Duser.language=pl -Duser.variant 
java_command: org.gradle.launcher.daemon.bootstrap.GradleDaemon 7.4.1
java_class_path (initial): C:\Users\DELL\.gradle\wrapper\dists\gradle-7.4.1-bin\58kw26xllvsiedyf3nujyarhn\gradle-7.4.1\lib\gradle-launcher-7.4.1.jar
Launcher Type: SUN_STANDARD

[Global flags]
     intx CICompilerCount                          = 3                                         {product} {ergonomic}
   size_t CompressedClassSpaceSize                 = 260046848                                 {product} {ergonomic}
     uint ConcGCThreads                            = 1                                         {product} {ergonomic}
     uint G1ConcRefinementThreads                  = 4                                         {product} {ergonomic}
   size_t G1HeapRegionSize                         = 1048576                                   {product} {ergonomic}
    uintx GCDrainStackTargetSize                   = 64                                        {product} {ergonomic}
     bool HeapDumpOnOutOfMemoryError               = true                                   {manageable} {command line}
   size_t InitialHeapSize                          = 268435456                                 {product} {command line}
   size_t MarkStackSize                            = 4194304                                   {product} {ergonomic}
   size_t MaxHeapSize                              = 536870912                                 {product} {command line}
   size_t MaxMetaspaceSize                         = 268435456                                 {product} {command line}
   size_t MaxNewSize                               = 321912832                                 {product} {ergonomic}
   size_t MinHeapDeltaBytes                        = 1048576                                   {product} {ergonomic}
    uintx NonNMethodCodeHeapSize                   = 5830732                                {pd product} {ergonomic}
    uintx NonProfiledCodeHeapSize                  = 122913754                              {pd product} {ergonomic}
    uintx ProfiledCodeHeapSize                     = 122913754                              {pd product} {ergonomic}
    uintx ReservedCodeCacheSize                    = 251658240                              {pd product} {ergonomic}
     bool SegmentedCodeCache                       = true                                      {product} {ergonomic}
     bool UseCompressedClassPointers               = true                                 {lp64_product} {ergonomic}
     bool UseCompressedOops                        = true                                 {lp64_product} {ergonomic}
     bool UseG1GC                                  = true                                      {product} {ergonomic}
     bool UseLargePagesIndividualAllocation        = false                                  {pd product} {ergonomic}

Logging:
Log output configuration:
 #0: stdout all=warning uptime,level,tags
 #1: stderr all=off uptime,level,tags

Environment Variables:
PATH=C:\Program Files\Common Files\Oracle\Java\javapath;C:\Windows\system32;C:\Windows;C:\Windows\System32\Wbem;C:\Windows\System32\WindowsPowerShell\v1.0\;C:\Windows\System32\OpenSSH\;C:\Program Files\nodejs\;C:\Program Files\Git\cmd;C:\Program Files\MySQL\MySQL Shell 8.0\bin\;C:\Users\DELL\AppData\Local\Microsoft\WindowsApps;C:\Users\DELL\AppData\Roaming\npm;C:\Program Files\JetBrains\IntelliJ IDEA Community Edition 2021.3\bin;;C:\Users\DELL\AppData\Local\Programs\Microsoft VS Code\bin
USERNAME=DELL
OS=Windows_NT
PROCESSOR_IDENTIFIER=Intel64 Family 6 Model 78 Stepping 3, GenuineIntel



---------------  S Y S T E M  ---------------

OS: Windows 10 , 64 bit Build 19041 (10.0.19041.1706)
OS uptime: 84 days 3:02 hours

CPU:total 4 (initial active 4) (2 cores per cpu, 2 threads per core) family 6 model 78 stepping 3 microcode 0xea, cmov, cx8, fxsr, mmx, sse, sse2, sse3, ssse3, sse4.1, sse4.2, popcnt, avx, avx2, aes, clmul, erms, rtm, 3dnowpref, lzcnt, ht, tsc, tscinvbit, bmi1, bmi2, adx, fma

Memory: 4k page, system-wide physical 16275M (5219M free)
TotalPageFile size 19042M (AvailPageFile size 3117M)
current process WorkingSet (physical memory assigned to process): 423M, peak: 492M
current process commit charge ("private bytes"): 572M, peak: 578M

vm_info: OpenJDK 64-Bit Server VM (11.0.15+9-LTS) for windows-amd64 JRE (11.0.15+9-LTS), built on Apr 15 2022 22:20:31 by "Administrator" with unknown MS VC++:1916

END.
